Log file open, 11/13/21 20:15:48
LogWindows: Failed to load 'aqProf.dll' (GetLastError=126)
LogWindows: File 'aqProf.dll' does not exist
LogWindows: Failed to load 'VtuneApi.dll' (GetLastError=126)
LogWindows: File 'VtuneApi.dll' does not exist
LogWindows: Failed to load 'VtuneApi32e.dll' (GetLastError=126)
LogWindows: File 'VtuneApi32e.dll' does not exist
LogConsoleResponse: Display: Failed to find resolution value strings in scalability ini. Falling back to default.
LogConsoleResponse: Display: Failed to find resolution value strings in scalability ini. Falling back to default.
LogInit: Display: Running engine for game: Pruebas_Terreno
LogPlatformFile: Not using cached read wrapper
LogTaskGraph: Started task graph with 5 named threads and 14 total threads with 3 sets of task threads.
LogStats: Stats thread started at 0.266801
LogICUInternationalization: ICU TimeZone Detection - Raw Offset: +1:00, Platform Override: ''
LogInit: Display: Loading text-based GConfig....
LogPluginManager: Mounting plugin MeshPainting
LogPluginManager: Mounting plugin XGEController
LogPluginManager: Mounting plugin Paper2D
LogPluginManager: Mounting plugin AISupport
LogPluginManager: Mounting plugin EnvironmentQueryEditor
LogPluginManager: Mounting plugin LiveLink
LogPluginManager: Mounting plugin LightPropagationVolume
LogPluginManager: Mounting plugin CameraShakePreviewer
LogPluginManager: Mounting plugin GameplayCameras
LogPluginManager: Mounting plugin OodleNetwork
LogPluginManager: Mounting plugin AnimationSharing
LogPluginManager: Mounting plugin OodleData
LogPluginManager: Mounting plugin CLionSourceCodeAccess
LogPluginManager: Mounting plugin CodeLiteSourceCodeAccess
LogPluginManager: Mounting plugin GitSourceControl
LogPluginManager: Mounting plugin KDevelopSourceCodeAccess
LogPluginManager: Mounting plugin NullSourceCodeAccess
LogPluginManager: Mounting plugin PerforceSourceControl
LogPluginManager: Mounting plugin PixWinPlugin
LogPluginManager: Mounting plugin PlasticSourceControl
LogPluginManager: Mounting plugin PluginUtils
LogPluginManager: Mounting plugin PropertyAccessNode
LogPluginManager: Mounting plugin RiderSourceCodeAccess
LogPluginManager: Mounting plugin SubversionSourceControl
LogPluginManager: Mounting plugin TextureFormatOodle
LogPluginManager: Mounting plugin UObjectPlugin
LogPluginManager: Mounting plugin VisualStudioCodeSourceCodeAccess
LogPluginManager: Mounting plugin XCodeSourceCodeAccess
LogPluginManager: Mounting plugin VisualStudioSourceCodeAccess
LogPluginManager: Mounting plugin AssetManagerEditor
LogPluginManager: Mounting plugin CryptoKeys
LogPluginManager: Mounting plugin CurveEditorTools
LogPluginManager: Mounting plugin DataValidation
LogPluginManager: Mounting plugin FacialAnimation
LogPluginManager: Mounting plugin GameplayTagsEditor
LogPluginManager: Mounting plugin GeometryMode
LogPluginManager: Mounting plugin MacGraphicsSwitching
LogPluginManager: Mounting plugin MaterialAnalyzer
LogPluginManager: Mounting plugin MobileLauncherProfileWizard
LogPluginManager: Mounting plugin PluginBrowser
LogPluginManager: Mounting plugin SpeedTreeImporter
LogPluginManager: Mounting plugin DatasmithContent
LogPluginManager: Mounting plugin VariantManagerContent
LogPluginManager: Mounting plugin AlembicImporter
LogPluginManager: Mounting plugin AutomationUtils
LogPluginManager: Mounting plugin Niagara
LogPluginManager: Mounting plugin BackChannel
LogPluginManager: Mounting plugin ChaosCloth
LogPluginManager: Mounting plugin ChaosClothEditor
LogPluginManager: Mounting plugin ChaosEditor
LogPluginManager: Mounting plugin ChaosNiagara
LogPluginManager: Mounting plugin ChaosSolverPlugin
LogPluginManager: Mounting plugin CharacterAI
LogPluginManager: Mounting plugin GeometryCache
LogPluginManager: Mounting plugin GeometryCollectionPlugin
LogPluginManager: Mounting plugin GeometryProcessing
LogPluginManager: Mounting plugin MotoSynth
LogPluginManager: Mounting plugin OpenImageDenoise
LogPluginManager: Mounting plugin PlanarCut
LogPluginManager: Mounting plugin PlatformCrypto
LogPluginManager: Mounting plugin ProxyLODPlugin
LogPluginManager: Mounting plugin PythonScriptPlugin
LogPluginManager: Mounting plugin SkeletalReduction
LogPluginManager: Mounting plugin LuminPlatformFeatures
LogPluginManager: Mounting plugin MagicLeap
LogPluginManager: Mounting plugin MagicLeapLightEstimation
LogPluginManager: Mounting plugin MagicLeapMedia
LogPluginManager: Mounting plugin MagicLeapPassableWorld
LogPluginManager: Mounting plugin MLSDK
LogPluginManager: Mounting plugin AndroidMedia
LogPluginManager: Mounting plugin AvfMedia
LogPluginManager: Mounting plugin ImgMedia
LogPluginManager: Mounting plugin MediaCompositing
LogPluginManager: Mounting plugin MediaPlayerEditor
LogPluginManager: Mounting plugin WmfMedia
LogPluginManager: Mounting plugin WebMMedia
LogPluginManager: Mounting plugin TcpMessaging
LogPluginManager: Mounting plugin UdpMessaging
LogPluginManager: Mounting plugin ActorSequence
LogPluginManager: Mounting plugin LevelSequenceEditor
LogPluginManager: Mounting plugin MatineeToLevelSequence
LogPluginManager: Mounting plugin TemplateSequence
LogPluginManager: Mounting plugin OnlineSubsystem
LogPluginManager: Mounting plugin OnlineSubsystemNull
LogPluginManager: Mounting plugin OnlineSubsystemUtils
LogPluginManager: Mounting plugin LauncherChunkInstaller
LogPluginManager: Mounting plugin ActorLayerUtilities
LogPluginManager: Mounting plugin AndroidDeviceProfileSelector
LogPluginManager: Mounting plugin AndroidMoviePlayer
LogPluginManager: Mounting plugin AndroidPermission
LogPluginManager: Mounting plugin AppleImageUtils
LogPluginManager: Mounting plugin AppleMoviePlayer
LogPluginManager: Mounting plugin ArchVisCharacter
LogPluginManager: Mounting plugin AssetTags
LogPluginManager: Mounting plugin AudioCapture
LogPluginManager: Mounting plugin AudioSynesthesia
LogPluginManager: Mounting plugin CableComponent
LogPluginManager: Mounting plugin ChunkDownloader
LogPluginManager: Mounting plugin CustomMeshComponent
LogPluginManager: Mounting plugin EditableMesh
LogPluginManager: Mounting plugin ExampleDeviceProfileSelector
LogPluginManager: Mounting plugin GoogleCloudMessaging
LogPluginManager: Mounting plugin GooglePAD
LogPluginManager: Mounting plugin IOSDeviceProfileSelector
LogPluginManager: Mounting plugin LinuxDeviceProfileSelector
LogPluginManager: Mounting plugin LocationServicesBPLibrary
LogPluginManager: Mounting plugin MobilePatchingUtils
LogPluginManager: Mounting plugin OpenXR
LogPluginManager: Mounting plugin OpenXREyeTracker
LogPluginManager: Mounting plugin OpenXRHandTracking
LogPluginManager: Mounting plugin PhysXVehicles
LogPluginManager: Mounting plugin PostSplashScreen
LogPluginManager: Mounting plugin ProceduralMeshComponent
LogPluginManager: Mounting plugin PropertyAccessEditor
LogPluginManager: Mounting plugin RuntimePhysXCooking
LogPluginManager: Mounting plugin SignificanceManager
LogPluginManager: Mounting plugin SoundFields
LogPluginManager: Mounting plugin Synthesis
LogPluginManager: Mounting plugin WebMMoviePlayer
LogPluginManager: Mounting plugin WindowsMoviePlayer
LogPluginManager: Mounting plugin ScreenshotTools
LogPluginManager: Mounting plugin Takes
LogPluginManager: Mounting plugin ContentBrowserAssetDataSource
LogPluginManager: Mounting plugin ContentBrowserClassDataSource
LogPluginManager: Mounting plugin ContentBrowserFileDataSource
LogPluginManager: Mounting plugin OnlineSubsystemGooglePlay
LogPluginManager: Mounting plugin OnlineSubsystemIOS
LogPluginManager: Mounting plugin OculusVR
LogPluginManager: Mounting plugin SteamVR
PixWinPlugin: PIX capture plugin failed to initialize! Check that the process is launched from PIX.
LogInit: Using libcurl 7.55.1-DEV
LogInit:  - built for x86_64-pc-win32
LogInit:  - supports SSL with OpenSSL/1.1.1
LogInit:  - supports HTTP deflate (compression) using libz 1.2.8
LogInit:  - other features:
LogInit:      CURL_VERSION_SSL
LogInit:      CURL_VERSION_LIBZ
LogInit:      CURL_VERSION_IPV6
LogInit:      CURL_VERSION_ASYNCHDNS
LogInit:      CURL_VERSION_LARGEFILE
LogInit:      CURL_VERSION_IDN
LogInit:  CurlRequestOptions (configurable via config and command line):
LogInit:  - bVerifyPeer = true  - Libcurl will verify peer certificate
LogInit:  - bUseHttpProxy = false  - Libcurl will NOT use HTTP proxy
LogInit:  - bDontReuseConnections = false  - Libcurl will reuse connections
LogInit:  - MaxHostConnections = 16  - Libcurl will limit the number of connections to a host
LogInit:  - LocalHostAddr = Default
LogInit:  - BufferSize = 65536
LogOnline: OSS: Creating online subsystem instance for: NULL
LogInit: WinSock: version 1.1 (2.2), MaxSocks=32767, MaxUdp=65467
LogOnline: OSS: TryLoadSubsystemAndSetDefault: Loaded subsystem for module [NULL]
LogOculusPluginWrapper: OculusPlugin initialized successfully
LogHMD: Failed initializing OVRPlugin 1.59.0
LogInit: Build: ++UE4+Release-4.27-CL-17735300
LogInit: Engine Version: 4.27.1-17735300+++UE4+Release-4.27
LogInit: Compatible Engine Version: 4.27.0-17155196+++UE4+Release-4.27
LogInit: Net CL: 17155196
LogInit: OS: Windows 10 (Release 2009) (), CPU: Intel(R) Core(TM) i5-7400 CPU @ 3.00GHz, GPU: NVIDIA GeForce GTX 650 Ti
LogInit: Compiled (64-bit): Oct  6 2021 14:42:51
LogInit: Compiled with Visual C++: 19.24.28315.00
LogInit: Build Configuration: Development
LogInit: Branch Name: ++UE4+Release-4.27
LogInit: Command Line: 
LogInit: Base Directory: D:/UE_4.27/Engine/Binaries/Win64/
LogInit: Allocator: TBB
LogInit: Installed Engine Build: 1
LogDevObjectVersion: Number of dev versions registered: 29
LogDevObjectVersion:   Dev-Blueprints (B0D832E4-1F89-4F0D-ACCF-7EB736FD4AA2): 10
LogDevObjectVersion:   Dev-Build (E1C64328-A22C-4D53-A36C-8E866417BD8C): 0
LogDevObjectVersion:   Dev-Core (375EC13C-06E4-48FB-B500-84F0262A717E): 4
LogDevObjectVersion:   Dev-Editor (E4B068ED-F494-42E9-A231-DA0B2E46BB41): 40
LogDevObjectVersion:   Dev-Framework (CFFC743F-43B0-4480-9391-14DF171D2073): 37
LogDevObjectVersion:   Dev-Mobile (B02B49B5-BB20-44E9-A304-32B752E40360): 3
LogDevObjectVersion:   Dev-Networking (A4E4105C-59A1-49B5-A7C5-40C4547EDFEE): 0
LogDevObjectVersion:   Dev-Online (39C831C9-5AE6-47DC-9A44-9C173E1C8E7C): 0
LogDevObjectVersion:   Dev-Physics (78F01B33-EBEA-4F98-B9B4-84EACCB95AA2): 14
LogDevObjectVersion:   Dev-Platform (6631380F-2D4D-43E0-8009-CF276956A95A): 0
LogDevObjectVersion:   Dev-Rendering (12F88B9F-8875-4AFC-A67C-D90C383ABD29): 45
LogDevObjectVersion:   Dev-Sequencer (7B5AE74C-D270-4C10-A958-57980B212A5A): 13
LogDevObjectVersion:   Dev-VR (D7296918-1DD6-4BDD-9DE2-64A83CC13884): 3
LogDevObjectVersion:   Dev-LoadTimes (C2A15278-BFE7-4AFE-6C17-90FF531DF755): 1
LogDevObjectVersion:   Private-Geometry (6EACA3D4-40EC-4CC1-B786-8BED09428FC5): 3
LogDevObjectVersion:   Dev-AnimPhys (29E575DD-E0A3-4627-9D10-D276232CDCEA): 17
LogDevObjectVersion:   Dev-Anim (AF43A65D-7FD3-4947-9873-3E8ED9C1BB05): 15
LogDevObjectVersion:   Dev-ReflectionCapture (6B266CEC-1EC7-4B8F-A30B-E4D90942FC07): 1
LogDevObjectVersion:   Dev-Automation (0DF73D61-A23F-47EA-B727-89E90C41499A): 1
LogDevObjectVersion:   FortniteMain (601D1886-AC64-4F84-AA16-D3DE0DEAC7D6): 47
LogDevObjectVersion:   FortniteRelease (E7086368-6B23-4C58-8439-1B7016265E91): 1
LogDevObjectVersion:   Dev-Enterprise (9DFFBCD6-494F-0158-E221-12823C92A888): 10
LogDevObjectVersion:   Dev-Niagara (F2AED0AC-9AFE-416F-8664-AA7FFA26D6FC): 1
LogDevObjectVersion:   Dev-Destruction (174F1F0B-B4C6-45A5-B13F-2EE8D0FB917D): 10
LogDevObjectVersion:   Dev-Physics-Ext (35F94A83-E258-406C-A318-09F59610247C): 41
LogDevObjectVersion:   Dev-PhysicsMaterial-Chaos (B68FC16E-8B1B-42E2-B453-215C058844FE): 1
LogDevObjectVersion:   Dev-CineCamera (B2E18506-4273-CFC2-A54E-F4BB758BBA07): 1
LogDevObjectVersion:   Dev-VirtualProduction (64F58936-FD1B-42BA-BA96-7289D5D0FA4E): 1
LogDevObjectVersion:   Dev-MediaFramework (6F0ED827-A609-4895-9C91-998D90180EA4): 2
LogInit: Presizing for max 25165824 objects, including 0 objects not considered by GC, pre-allocating 0 bytes for permanent pool.
LogConfig: Applying CVar settings from Section [/Script/Engine.StreamingSettings] File [E:/GitHub/GitHub/RabbitsOnWingsV2/Pruebas_Terreno/Saved/Config/Windows/Engine.ini]
LogConfig: Setting CVar [[s.MinBulkDataSizeForAsyncLoading:131072]]
LogConfig: Setting CVar [[s.AsyncLoadingThreadEnabled:0]]
LogConfig: Setting CVar [[s.EventDrivenLoaderEnabled:1]]
LogConfig: Setting CVar [[s.WarnIfTimeLimitExceeded:0]]
LogConfig: Setting CVar [[s.TimeLimitExceededMultiplier:1.5]]
LogConfig: Setting CVar [[s.TimeLimitExceededMinTime:0.005]]
LogConfig: Setting CVar [[s.UseBackgroundLevelStreaming:1]]
LogConfig: Setting CVar [[s.PriorityAsyncLoadingExtraTime:15.0]]
LogConfig: Setting CVar [[s.LevelStreamingActorsUpdateTimeLimit:5.0]]
LogConfig: Setting CVar [[s.PriorityLevelStreamingActorsUpdateExtraTime:5.0]]
LogConfig: Setting CVar [[s.LevelStreamingComponentsRegistrationGranularity:10]]
LogConfig: Setting CVar [[s.UnregisterComponentsTimeLimit:1.0]]
LogConfig: Setting CVar [[s.LevelStreamingComponentsUnregistrationGranularity:5]]
LogConfig: Setting CVar [[s.FlushStreamingOnExit:1]]
LogInit: Object subsystem initialized
LogConfig: Setting CVar [[con.DebugEarlyDefault:1]]
LogConfig: Setting CVar [[r.setres:1280x720]]
[2021.11.13-19.15.49:018][  0]LogConfig: Setting CVar [[r.VSync:0]]
[2021.11.13-19.15.49:018][  0]LogConfig: Setting CVar [[r.RHICmdBypass:0]]
[2021.11.13-19.15.49:018][  0]LogConfig: Applying CVar settings from Section [/Script/Engine.RendererSettings] File [E:/GitHub/GitHub/RabbitsOnWingsV2/Pruebas_Terreno/Saved/Config/Windows/Engine.ini]
[2021.11.13-19.15.49:018][  0]LogConfig: Setting CVar [[r.GPUCrashDebugging:0]]
[2021.11.13-19.15.49:018][  0]LogConfig: Applying CVar settings from Section [/Script/Engine.RendererOverrideSettings] File [E:/GitHub/GitHub/RabbitsOnWingsV2/Pruebas_Terreno/Saved/Config/Windows/Engine.ini]
[2021.11.13-19.15.49:018][  0]LogConfig: Applying CVar settings from Section [/Script/Engine.StreamingSettings] File [E:/GitHub/GitHub/RabbitsOnWingsV2/Pruebas_Terreno/Saved/Config/Windows/Engine.ini]
[2021.11.13-19.15.49:018][  0]LogConfig: Setting CVar [[s.MinBulkDataSizeForAsyncLoading:131072]]
[2021.11.13-19.15.49:018][  0]LogConfig: Setting CVar [[s.AsyncLoadingThreadEnabled:0]]
[2021.11.13-19.15.49:018][  0]LogConfig: Setting CVar [[s.EventDrivenLoaderEnabled:1]]
[2021.11.13-19.15.49:018][  0]LogConfig: Setting CVar [[s.WarnIfTimeLimitExceeded:0]]
[2021.11.13-19.15.49:018][  0]LogConfig: Setting CVar [[s.TimeLimitExceededMultiplier:1.5]]
[2021.11.13-19.15.49:018][  0]LogConfig: Setting CVar [[s.TimeLimitExceededMinTime:0.005]]
[2021.11.13-19.15.49:018][  0]LogConfig: Setting CVar [[s.UseBackgroundLevelStreaming:1]]
[2021.11.13-19.15.49:018][  0]LogConfig: Setting CVar [[s.PriorityAsyncLoadingExtraTime:15.0]]
[2021.11.13-19.15.49:018][  0]LogConfig: Setting CVar [[s.LevelStreamingActorsUpdateTimeLimit:5.0]]
[2021.11.13-19.15.49:018][  0]LogConfig: Setting CVar [[s.PriorityLevelStreamingActorsUpdateExtraTime:5.0]]
[2021.11.13-19.15.49:018][  0]LogConfig: Setting CVar [[s.LevelStreamingComponentsRegistrationGranularity:10]]
[2021.11.13-19.15.49:018][  0]LogConfig: Setting CVar [[s.UnregisterComponentsTimeLimit:1.0]]
[2021.11.13-19.15.49:018][  0]LogConfig: Setting CVar [[s.LevelStreamingComponentsUnregistrationGranularity:5]]
[2021.11.13-19.15.49:018][  0]LogConfig: Setting CVar [[s.FlushStreamingOnExit:1]]
[2021.11.13-19.15.49:018][  0]LogConfig: Applying CVar settings from Section [/Script/Engine.GarbageCollectionSettings] File [E:/GitHub/GitHub/RabbitsOnWingsV2/Pruebas_Terreno/Saved/Config/Windows/Engine.ini]
[2021.11.13-19.15.49:019][  0]LogConfig: Setting CVar [[gc.MaxObjectsNotConsideredByGC:1]]
[2021.11.13-19.15.49:019][  0]LogConfig: Setting CVar [[gc.SizeOfPermanentObjectPool:0]]
[2021.11.13-19.15.49:019][  0]LogConfig: Setting CVar [[gc.FlushStreamingOnGC:0]]
[2021.11.13-19.15.49:019][  0]LogConfig: Setting CVar [[gc.NumRetriesBeforeForcingGC:10]]
[2021.11.13-19.15.49:019][  0]LogConfig: Setting CVar [[gc.AllowParallelGC:1]]
[2021.11.13-19.15.49:019][  0]LogConfig: Setting CVar [[gc.TimeBetweenPurgingPendingKillObjects:61.1]]
[2021.11.13-19.15.49:019][  0]LogConfig: Setting CVar [[gc.MaxObjectsInEditor:25165824]]
[2021.11.13-19.15.49:019][  0]LogConfig: Setting CVar [[gc.IncrementalBeginDestroyEnabled:1]]
[2021.11.13-19.15.49:019][  0]LogConfig: Setting CVar [[gc.CreateGCClusters:1]]
[2021.11.13-19.15.49:019][  0]LogConfig: Setting CVar [[gc.MinGCClusterSize:5]]
[2021.11.13-19.15.49:019][  0]LogConfig: Setting CVar [[gc.ActorClusteringEnabled:0]]
[2021.11.13-19.15.49:019][  0]LogConfig: Setting CVar [[gc.BlueprintClusteringEnabled:0]]
[2021.11.13-19.15.49:019][  0]LogConfig: Setting CVar [[gc.UseDisregardForGCOnDedicatedServers:0]]
[2021.11.13-19.15.49:019][  0]LogConfig: Setting CVar [[gc.MultithreadedDestructionEnabled:1]]
[2021.11.13-19.15.49:019][  0]LogConfig: Applying CVar settings from Section [/Script/Engine.NetworkSettings] File [E:/GitHub/GitHub/RabbitsOnWingsV2/Pruebas_Terreno/Saved/Config/Windows/Engine.ini]
[2021.11.13-19.15.49:019][  0]LogConfig: Applying CVar settings from Section [/Script/UnrealEd.CookerSettings] File [E:/GitHub/GitHub/RabbitsOnWingsV2/Pruebas_Terreno/Saved/Config/Windows/Engine.ini]
[2021.11.13-19.15.49:038][  0]LogConfig: Applying CVar settings from Section [ViewDistanceQuality@3] File [E:/GitHub/GitHub/RabbitsOnWingsV2/Pruebas_Terreno/Saved/Config/Windows/Scalability.ini]
[2021.11.13-19.15.49:038][  0]LogConfig: Setting CVar [[r.SkeletalMeshLODBias:0]]
[2021.11.13-19.15.49:038][  0]LogConfig: Setting CVar [[r.ViewDistanceScale:1.0]]
[2021.11.13-19.15.49:038][  0]LogConfig: Applying CVar settings from Section [AntiAliasingQuality@3] File [E:/GitHub/GitHub/RabbitsOnWingsV2/Pruebas_Terreno/Saved/Config/Windows/Scalability.ini]
[2021.11.13-19.15.49:038][  0]LogConfig: Setting CVar [[r.PostProcessAAQuality:4]]
[2021.11.13-19.15.49:038][  0]LogConfig: Applying CVar settings from Section [ShadowQuality@3] File [E:/GitHub/GitHub/RabbitsOnWingsV2/Pruebas_Terreno/Saved/Config/Windows/Scalability.ini]
[2021.11.13-19.15.49:038][  0]LogConfig: Setting CVar [[r.LightFunctionQuality:1]]
[2021.11.13-19.15.49:038][  0]LogConfig: Setting CVar [[r.ShadowQuality:5]]
[2021.11.13-19.15.49:038][  0]LogConfig: Setting CVar [[r.Shadow.CSM.MaxCascades:10]]
[2021.11.13-19.15.49:038][  0]LogConfig: Setting CVar [[r.Shadow.MaxResolution:2048]]
[2021.11.13-19.15.49:038][  0]LogConfig: Setting CVar [[r.Shadow.MaxCSMResolution:2048]]
[2021.11.13-19.15.49:038][  0]LogConfig: Setting CVar [[r.Shadow.RadiusThreshold:0.01]]
[2021.11.13-19.15.49:038][  0]LogConfig: Setting CVar [[r.Shadow.DistanceScale:1.0]]
[2021.11.13-19.15.49:038][  0]LogConfig: Setting CVar [[r.Shadow.CSM.TransitionScale:1.0]]
[2021.11.13-19.15.49:038][  0]LogConfig: Setting CVar [[r.Shadow.PreShadowResolutionFactor:1.0]]
[2021.11.13-19.15.49:038][  0]LogConfig: Setting CVar [[r.DistanceFieldShadowing:1]]
[2021.11.13-19.15.49:038][  0]LogConfig: Setting CVar [[r.DistanceFieldAO:1]]
[2021.11.13-19.15.49:038][  0]LogConfig: Setting CVar [[r.AOQuality:2]]
[2021.11.13-19.15.49:038][  0]LogConfig: Setting CVar [[r.VolumetricFog:1]]
[2021.11.13-19.15.49:038][  0]LogConfig: Setting CVar [[r.VolumetricFog.GridPixelSize:8]]
[2021.11.13-19.15.49:038][  0]LogConfig: Setting CVar [[r.VolumetricFog.GridSizeZ:128]]
[2021.11.13-19.15.49:038][  0]LogConfig: Setting CVar [[r.VolumetricFog.HistoryMissSupersampleCount:4]]
[2021.11.13-19.15.49:038][  0]LogConfig: Setting CVar [[r.LightMaxDrawDistanceScale:1]]
[2021.11.13-19.15.49:038][  0]LogConfig: Setting CVar [[r.CapsuleShadows:1]]
[2021.11.13-19.15.49:038][  0]LogConfig: Applying CVar settings from Section [PostProcessQuality@3] File [E:/GitHub/GitHub/RabbitsOnWingsV2/Pruebas_Terreno/Saved/Config/Windows/Scalability.ini]
[2021.11.13-19.15.49:038][  0]LogConfig: Setting CVar [[r.MotionBlurQuality:4]]
[2021.11.13-19.15.49:038][  0]LogConfig: Setting CVar [[r.AmbientOcclusionMipLevelFactor:0.4]]
[2021.11.13-19.15.49:038][  0]LogConfig: Setting CVar [[r.AmbientOcclusionMaxQuality:100]]
[2021.11.13-19.15.49:038][  0]LogConfig: Setting CVar [[r.AmbientOcclusionLevels:-1]]
[2021.11.13-19.15.49:038][  0]LogConfig: Setting CVar [[r.AmbientOcclusionRadiusScale:1.0]]
[2021.11.13-19.15.49:038][  0]LogConfig: Setting CVar [[r.DepthOfFieldQuality:2]]
[2021.11.13-19.15.49:038][  0]LogConfig: Setting CVar [[r.RenderTargetPoolMin:400]]
[2021.11.13-19.15.49:038][  0]LogConfig: Setting CVar [[r.LensFlareQuality:2]]
[2021.11.13-19.15.49:038][  0]LogConfig: Setting CVar [[r.SceneColorFringeQuality:1]]
[2021.11.13-19.15.49:038][  0]LogConfig: Setting CVar [[r.EyeAdaptationQuality:2]]
[2021.11.13-19.15.49:038][  0]LogConfig: Setting CVar [[r.BloomQuality:5]]
[2021.11.13-19.15.49:038][  0]LogConfig: Setting CVar [[r.FastBlurThreshold:100]]
[2021.11.13-19.15.49:039][  0]LogConfig: Setting CVar [[r.Upscale.Quality:3]]
[2021.11.13-19.15.49:039][  0]LogConfig: Setting CVar [[r.Tonemapper.GrainQuantization:1]]
[2021.11.13-19.15.49:039][  0]LogConfig: Setting CVar [[r.LightShaftQuality:1]]
[2021.11.13-19.15.49:039][  0]LogConfig: Setting CVar [[r.Filter.SizeScale:1]]
[2021.11.13-19.15.49:039][  0]LogConfig: Setting CVar [[r.Tonemapper.Quality:5]]
[2021.11.13-19.15.49:039][  0]LogConfig: Setting CVar [[r.DOF.Gather.AccumulatorQuality:1        ; higher gathering accumulator quality]]
[2021.11.13-19.15.49:039][  0]LogConfig: Setting CVar [[r.DOF.Gather.PostfilterMethod:1          ; Median3x3 postfilering method]]
[2021.11.13-19.15.49:039][  0]LogConfig: Setting CVar [[r.DOF.Gather.EnableBokehSettings:0       ; no bokeh simulation when gathering]]
[2021.11.13-19.15.49:039][  0]LogConfig: Setting CVar [[r.DOF.Gather.RingCount:4                 ; medium number of samples when gathering]]
[2021.11.13-19.15.49:039][  0]LogConfig: Setting CVar [[r.DOF.Scatter.ForegroundCompositing:1    ; additive foreground scattering]]
[2021.11.13-19.15.49:039][  0]LogConfig: Setting CVar [[r.DOF.Scatter.BackgroundCompositing:2    ; additive background scattering]]
[2021.11.13-19.15.49:039][  0]LogConfig: Setting CVar [[r.DOF.Scatter.EnableBokehSettings:1      ; bokeh simulation when scattering]]
[2021.11.13-19.15.49:039][  0]LogConfig: Setting CVar [[r.DOF.Scatter.MaxSpriteRatio:0.1         ; only a maximum of 10% of scattered bokeh]]
[2021.11.13-19.15.49:039][  0]LogConfig: Setting CVar [[r.DOF.Recombine.Quality:1                ; cheap slight out of focus]]
[2021.11.13-19.15.49:039][  0]LogConfig: Setting CVar [[r.DOF.Recombine.EnableBokehSettings:0    ; no bokeh simulation on slight out of focus]]
[2021.11.13-19.15.49:039][  0]LogConfig: Setting CVar [[r.DOF.TemporalAAQuality:1                ; more stable temporal accumulation]]
[2021.11.13-19.15.49:039][  0]LogConfig: Setting CVar [[r.DOF.Kernel.MaxForegroundRadius:0.025]]
[2021.11.13-19.15.49:039][  0]LogConfig: Setting CVar [[r.DOF.Kernel.MaxBackgroundRadius:0.025]]
[2021.11.13-19.15.49:039][  0]LogConfig: Applying CVar settings from Section [TextureQuality@3] File [E:/GitHub/GitHub/RabbitsOnWingsV2/Pruebas_Terreno/Saved/Config/Windows/Scalability.ini]
[2021.11.13-19.15.49:039][  0]LogConfig: Setting CVar [[r.Streaming.MipBias:0]]
[2021.11.13-19.15.49:039][  0]LogConfig: Setting CVar [[r.Streaming.AmortizeCPUToGPUCopy:0]]
[2021.11.13-19.15.49:039][  0]LogConfig: Setting CVar [[r.Streaming.MaxNumTexturesToStreamPerFrame:0]]
[2021.11.13-19.15.49:039][  0]LogConfig: Setting CVar [[r.Streaming.Boost:1]]
[2021.11.13-19.15.49:039][  0]LogConfig: Setting CVar [[r.MaxAnisotropy:8]]
[2021.11.13-19.15.49:039][  0]LogConfig: Setting CVar [[r.VT.MaxAnisotropy:8]]
[2021.11.13-19.15.49:039][  0]LogConfig: Setting CVar [[r.Streaming.LimitPoolSizeToVRAM:0]]
[2021.11.13-19.15.49:039][  0]LogConfig: Setting CVar [[r.Streaming.PoolSize:1000]]
[2021.11.13-19.15.49:039][  0]LogConfig: Setting CVar [[r.Streaming.MaxEffectiveScreenSize:0]]
[2021.11.13-19.15.49:039][  0]LogConfig: Applying CVar settings from Section [EffectsQuality@3] File [E:/GitHub/GitHub/RabbitsOnWingsV2/Pruebas_Terreno/Saved/Config/Windows/Scalability.ini]
[2021.11.13-19.15.49:039][  0]LogConfig: Setting CVar [[r.TranslucencyLightingVolumeDim:64]]
[2021.11.13-19.15.49:039][  0]LogConfig: Setting CVar [[r.RefractionQuality:2]]
[2021.11.13-19.15.49:039][  0]LogConfig: Setting CVar [[r.SSR.Quality:3]]
[2021.11.13-19.15.49:039][  0]LogConfig: Setting CVar [[r.SSR.HalfResSceneColor:0]]
[2021.11.13-19.15.49:039][  0]LogConfig: Setting CVar [[r.SceneColorFormat:4]]
[2021.11.13-19.15.49:039][  0]LogConfig: Setting CVar [[r.DetailMode:2]]
[2021.11.13-19.15.49:039][  0]LogConfig: Setting CVar [[r.TranslucencyVolumeBlur:1]]
[2021.11.13-19.15.49:039][  0]LogConfig: Setting CVar [[r.MaterialQualityLevel:1 ; High quality]]
[2021.11.13-19.15.49:039][  0]LogConfig: Setting CVar [[r.AnisotropicMaterials:1]]
[2021.11.13-19.15.49:039][  0]LogConfig: Setting CVar [[r.SSS.Scale:1]]
[2021.11.13-19.15.49:039][  0]LogConfig: Setting CVar [[r.SSS.SampleSet:2]]
[2021.11.13-19.15.49:039][  0]LogConfig: Setting CVar [[r.SSS.Quality:1]]
[2021.11.13-19.15.49:039][  0]LogConfig: Setting CVar [[r.SSS.HalfRes:0]]
[2021.11.13-19.15.49:039][  0]LogConfig: Setting CVar [[r.SSGI.Quality:3]]
[2021.11.13-19.15.49:039][  0]LogConfig: Setting CVar [[r.EmitterSpawnRateScale:1.0]]
[2021.11.13-19.15.49:039][  0]LogConfig: Setting CVar [[r.ParticleLightQuality:2]]
[2021.11.13-19.15.49:039][  0]LogConfig: Setting CVar [[r.SkyAtmosphere.AerialPerspectiveLUT.FastApplyOnOpaque:1 ; Always have FastSkyLUT 1 in this case to avoid wrong sky]]
[2021.11.13-19.15.49:039][  0]LogConfig: Setting CVar [[r.SkyAtmosphere.AerialPerspectiveLUT.SampleCountMaxPerSlice:4]]
[2021.11.13-19.15.49:039][  0]LogConfig: Setting CVar [[r.SkyAtmosphere.AerialPerspectiveLUT.DepthResolution:16.0]]
[2021.11.13-19.15.49:039][  0]LogConfig: Setting CVar [[r.SkyAtmosphere.FastSkyLUT:1]]
[2021.11.13-19.15.49:039][  0]LogConfig: Setting CVar [[r.SkyAtmosphere.FastSkyLUT.SampleCountMin:4.0]]
[2021.11.13-19.15.49:039][  0]LogConfig: Setting CVar [[r.SkyAtmosphere.FastSkyLUT.SampleCountMax:128.0]]
[2021.11.13-19.15.49:039][  0]LogConfig: Setting CVar [[r.SkyAtmosphere.SampleCountMin:4.0]]
[2021.11.13-19.15.49:039][  0]LogConfig: Setting CVar [[r.SkyAtmosphere.SampleCountMax:128.0]]
[2021.11.13-19.15.49:039][  0]LogConfig: Setting CVar [[r.SkyAtmosphere.TransmittanceLUT.UseSmallFormat:0]]
[2021.11.13-19.15.49:039][  0]LogConfig: Setting CVar [[r.SkyAtmosphere.TransmittanceLUT.SampleCount:10.0]]
[2021.11.13-19.15.49:039][  0]LogConfig: Setting CVar [[r.SkyAtmosphere.MultiScatteringLUT.SampleCount:15.0]]
[2021.11.13-19.15.49:039][  0]LogConfig: Setting CVar [[r.SkyLight.RealTimeReflectionCapture:1]]
[2021.11.13-19.15.49:039][  0]LogConfig: Applying CVar settings from Section [FoliageQuality@3] File [E:/GitHub/GitHub/RabbitsOnWingsV2/Pruebas_Terreno/Saved/Config/Windows/Scalability.ini]
[2021.11.13-19.15.49:039][  0]LogConfig: Setting CVar [[foliage.DensityScale:1.0]]
[2021.11.13-19.15.49:039][  0]LogConfig: Setting CVar [[grass.DensityScale:1.0]]
[2021.11.13-19.15.49:039][  0]LogConfig: Applying CVar settings from Section [ShadingQuality@3] File [E:/GitHub/GitHub/RabbitsOnWingsV2/Pruebas_Terreno/Saved/Config/Windows/Scalability.ini]
[2021.11.13-19.15.49:039][  0]LogConfig: Setting CVar [[r.HairStrands.SkyLighting.IntegrationType:2]]
[2021.11.13-19.15.49:039][  0]LogConfig: Setting CVar [[r.HairStrands.SkyAO.SampleCount:4]]
[2021.11.13-19.15.49:039][  0]LogConfig: Setting CVar [[r.HairStrands.Visibility.MSAA.SamplePerPixel:4]]
[2021.11.13-19.15.49:039][  0]LogInit: Selected Device Profile: [Windows]
[2021.11.13-19.15.49:039][  0]LogInit: Applying CVar settings loaded from the selected device profile: [Windows]
[2021.11.13-19.15.49:039][  0]LogHAL: Display: Platform has ~ 8 GB [8547942400 / 8589934592 / 8], which maps to Default [LargestMinGB=32, LargerMinGB=12, DefaultMinGB=8, SmallerMinGB=6, SmallestMinGB=0)
[2021.11.13-19.15.49:039][  0]LogInit: Going up to parent DeviceProfile []
[2021.11.13-19.15.49:040][  0]LogConfig: Applying CVar settings from Section [ViewDistanceQuality@3] File [E:/GitHub/GitHub/RabbitsOnWingsV2/Pruebas_Terreno/Saved/Config/Windows/Scalability.ini]
[2021.11.13-19.15.49:040][  0]LogConfig: Setting CVar [[r.SkeletalMeshLODBias:0]]
[2021.11.13-19.15.49:040][  0]LogConfig: Setting CVar [[r.ViewDistanceScale:1.0]]
[2021.11.13-19.15.49:040][  0]LogConfig: Applying CVar settings from Section [AntiAliasingQuality@3] File [E:/GitHub/GitHub/RabbitsOnWingsV2/Pruebas_Terreno/Saved/Config/Windows/Scalability.ini]
[2021.11.13-19.15.49:040][  0]LogConfig: Setting CVar [[r.PostProcessAAQuality:4]]
[2021.11.13-19.15.49:040][  0]LogConfig: Applying CVar settings from Section [ShadowQuality@3] File [E:/GitHub/GitHub/RabbitsOnWingsV2/Pruebas_Terreno/Saved/Config/Windows/Scalability.ini]
[2021.11.13-19.15.49:040][  0]LogConfig: Setting CVar [[r.LightFunctionQuality:1]]
[2021.11.13-19.15.49:040][  0]LogConfig: Setting CVar [[r.ShadowQuality:5]]
[2021.11.13-19.15.49:040][  0]LogConfig: Setting CVar [[r.Shadow.CSM.MaxCascades:10]]
[2021.11.13-19.15.49:040][  0]LogConfig: Setting CVar [[r.Shadow.MaxResolution:2048]]
[2021.11.13-19.15.49:040][  0]LogConfig: Setting CVar [[r.Shadow.MaxCSMResolution:2048]]
[2021.11.13-19.15.49:040][  0]LogConfig: Setting CVar [[r.Shadow.RadiusThreshold:0.01]]
[2021.11.13-19.15.49:040][  0]LogConfig: Setting CVar [[r.Shadow.DistanceScale:1.0]]
[2021.11.13-19.15.49:040][  0]LogConfig: Setting CVar [[r.Shadow.CSM.TransitionScale:1.0]]
[2021.11.13-19.15.49:040][  0]LogConfig: Setting CVar [[r.Shadow.PreShadowResolutionFactor:1.0]]
[2021.11.13-19.15.49:040][  0]LogConfig: Setting CVar [[r.DistanceFieldShadowing:1]]
[2021.11.13-19.15.49:040][  0]LogConfig: Setting CVar [[r.DistanceFieldAO:1]]
[2021.11.13-19.15.49:040][  0]LogConfig: Setting CVar [[r.AOQuality:2]]
[2021.11.13-19.15.49:040][  0]LogConfig: Setting CVar [[r.VolumetricFog:1]]
[2021.11.13-19.15.49:040][  0]LogConfig: Setting CVar [[r.VolumetricFog.GridPixelSize:8]]
[2021.11.13-19.15.49:040][  0]LogConfig: Setting CVar [[r.VolumetricFog.GridSizeZ:128]]
[2021.11.13-19.15.49:040][  0]LogConfig: Setting CVar [[r.VolumetricFog.HistoryMissSupersampleCount:4]]
[2021.11.13-19.15.49:040][  0]LogConfig: Setting CVar [[r.LightMaxDrawDistanceScale:1]]
[2021.11.13-19.15.49:040][  0]LogConfig: Setting CVar [[r.CapsuleShadows:1]]
[2021.11.13-19.15.49:040][  0]LogConfig: Applying CVar settings from Section [PostProcessQuality@3] File [E:/GitHub/GitHub/RabbitsOnWingsV2/Pruebas_Terreno/Saved/Config/Windows/Scalability.ini]
[2021.11.13-19.15.49:040][  0]LogConfig: Setting CVar [[r.MotionBlurQuality:4]]
[2021.11.13-19.15.49:040][  0]LogConfig: Setting CVar [[r.AmbientOcclusionMipLevelFactor:0.4]]
[2021.11.13-19.15.49:040][  0]LogConfig: Setting CVar [[r.AmbientOcclusionMaxQuality:100]]
[2021.11.13-19.15.49:040][  0]LogConfig: Setting CVar [[r.AmbientOcclusionLevels:-1]]
[2021.11.13-19.15.49:040][  0]LogConfig: Setting CVar [[r.AmbientOcclusionRadiusScale:1.0]]
[2021.11.13-19.15.49:040][  0]LogConfig: Setting CVar [[r.DepthOfFieldQuality:2]]
[2021.11.13-19.15.49:040][  0]LogConfig: Setting CVar [[r.RenderTargetPoolMin:400]]
[2021.11.13-19.15.49:040][  0]LogConfig: Setting CVar [[r.LensFlareQuality:2]]
[2021.11.13-19.15.49:040][  0]LogConfig: Setting CVar [[r.SceneColorFringeQuality:1]]
[2021.11.13-19.15.49:040][  0]LogConfig: Setting CVar [[r.EyeAdaptationQuality:2]]
[2021.11.13-19.15.49:040][  0]LogConfig: Setting CVar [[r.BloomQuality:5]]
[2021.11.13-19.15.49:040][  0]LogConfig: Setting CVar [[r.FastBlurThreshold:100]]
[2021.11.13-19.15.49:040][  0]LogConfig: Setting CVar [[r.Upscale.Quality:3]]
[2021.11.13-19.15.49:040][  0]LogConfig: Setting CVar [[r.Tonemapper.GrainQuantization:1]]
[2021.11.13-19.15.49:040][  0]LogConfig: Setting CVar [[r.LightShaftQuality:1]]
[2021.11.13-19.15.49:040][  0]LogConfig: Setting CVar [[r.Filter.SizeScale:1]]
[2021.11.13-19.15.49:040][  0]LogConfig: Setting CVar [[r.Tonemapper.Quality:5]]
[2021.11.13-19.15.49:040][  0]LogConfig: Setting CVar [[r.DOF.Gather.AccumulatorQuality:1        ; higher gathering accumulator quality]]
[2021.11.13-19.15.49:040][  0]LogConfig: Setting CVar [[r.DOF.Gather.PostfilterMethod:1          ; Median3x3 postfilering method]]
[2021.11.13-19.15.49:040][  0]LogConfig: Setting CVar [[r.DOF.Gather.EnableBokehSettings:0       ; no bokeh simulation when gathering]]
[2021.11.13-19.15.49:040][  0]LogConfig: Setting CVar [[r.DOF.Gather.RingCount:4                 ; medium number of samples when gathering]]
[2021.11.13-19.15.49:040][  0]LogConfig: Setting CVar [[r.DOF.Scatter.ForegroundCompositing:1    ; additive foreground scattering]]
[2021.11.13-19.15.49:040][  0]LogConfig: Setting CVar [[r.DOF.Scatter.BackgroundCompositing:2    ; additive background scattering]]
[2021.11.13-19.15.49:040][  0]LogConfig: Setting CVar [[r.DOF.Scatter.EnableBokehSettings:1      ; bokeh simulation when scattering]]
[2021.11.13-19.15.49:040][  0]LogConfig: Setting CVar [[r.DOF.Scatter.MaxSpriteRatio:0.1         ; only a maximum of 10% of scattered bokeh]]
[2021.11.13-19.15.49:040][  0]LogConfig: Setting CVar [[r.DOF.Recombine.Quality:1                ; cheap slight out of focus]]
[2021.11.13-19.15.49:040][  0]LogConfig: Setting CVar [[r.DOF.Recombine.EnableBokehSettings:0    ; no bokeh simulation on slight out of focus]]
[2021.11.13-19.15.49:040][  0]LogConfig: Setting CVar [[r.DOF.TemporalAAQuality:1                ; more stable temporal accumulation]]
[2021.11.13-19.15.49:040][  0]LogConfig: Setting CVar [[r.DOF.Kernel.MaxForegroundRadius:0.025]]
[2021.11.13-19.15.49:040][  0]LogConfig: Setting CVar [[r.DOF.Kernel.MaxBackgroundRadius:0.025]]
[2021.11.13-19.15.49:040][  0]LogConfig: Applying CVar settings from Section [TextureQuality@3] File [E:/GitHub/GitHub/RabbitsOnWingsV2/Pruebas_Terreno/Saved/Config/Windows/Scalability.ini]
[2021.11.13-19.15.49:040][  0]LogConfig: Setting CVar [[r.Streaming.MipBias:0]]
[2021.11.13-19.15.49:040][  0]LogConfig: Setting CVar [[r.Streaming.AmortizeCPUToGPUCopy:0]]
[2021.11.13-19.15.49:040][  0]LogConfig: Setting CVar [[r.Streaming.MaxNumTexturesToStreamPerFrame:0]]
[2021.11.13-19.15.49:040][  0]LogConfig: Setting CVar [[r.Streaming.Boost:1]]
[2021.11.13-19.15.49:040][  0]LogConfig: Setting CVar [[r.MaxAnisotropy:8]]
[2021.11.13-19.15.49:040][  0]LogConfig: Setting CVar [[r.VT.MaxAnisotropy:8]]
[2021.11.13-19.15.49:040][  0]LogConfig: Setting CVar [[r.Streaming.LimitPoolSizeToVRAM:0]]
[2021.11.13-19.15.49:040][  0]LogConfig: Setting CVar [[r.Streaming.PoolSize:1000]]
[2021.11.13-19.15.49:040][  0]LogConfig: Setting CVar [[r.Streaming.MaxEffectiveScreenSize:0]]
[2021.11.13-19.15.49:040][  0]LogConfig: Applying CVar settings from Section [EffectsQuality@3] File [E:/GitHub/GitHub/RabbitsOnWingsV2/Pruebas_Terreno/Saved/Config/Windows/Scalability.ini]
[2021.11.13-19.15.49:040][  0]LogConfig: Setting CVar [[r.TranslucencyLightingVolumeDim:64]]
[2021.11.13-19.15.49:040][  0]LogConfig: Setting CVar [[r.RefractionQuality:2]]
[2021.11.13-19.15.49:040][  0]LogConfig: Setting CVar [[r.SSR.Quality:3]]
[2021.11.13-19.15.49:040][  0]LogConfig: Setting CVar [[r.SSR.HalfResSceneColor:0]]
[2021.11.13-19.15.49:040][  0]LogConfig: Setting CVar [[r.SceneColorFormat:4]]
[2021.11.13-19.15.49:040][  0]LogConfig: Setting CVar [[r.DetailMode:2]]
[2021.11.13-19.15.49:040][  0]LogConfig: Setting CVar [[r.TranslucencyVolumeBlur:1]]
[2021.11.13-19.15.49:040][  0]LogConfig: Setting CVar [[r.MaterialQualityLevel:1 ; High quality]]
[2021.11.13-19.15.49:040][  0]LogConfig: Setting CVar [[r.AnisotropicMaterials:1]]
[2021.11.13-19.15.49:040][  0]LogConfig: Setting CVar [[r.SSS.Scale:1]]
[2021.11.13-19.15.49:040][  0]LogConfig: Setting CVar [[r.SSS.SampleSet:2]]
[2021.11.13-19.15.49:040][  0]LogConfig: Setting CVar [[r.SSS.Quality:1]]
[2021.11.13-19.15.49:041][  0]LogConfig: Setting CVar [[r.SSS.HalfRes:0]]
[2021.11.13-19.15.49:041][  0]LogConfig: Setting CVar [[r.SSGI.Quality:3]]
[2021.11.13-19.15.49:041][  0]LogConfig: Setting CVar [[r.EmitterSpawnRateScale:1.0]]
[2021.11.13-19.15.49:041][  0]LogConfig: Setting CVar [[r.ParticleLightQuality:2]]
[2021.11.13-19.15.49:041][  0]LogConfig: Setting CVar [[r.SkyAtmosphere.AerialPerspectiveLUT.FastApplyOnOpaque:1 ; Always have FastSkyLUT 1 in this case to avoid wrong sky]]
[2021.11.13-19.15.49:041][  0]LogConfig: Setting CVar [[r.SkyAtmosphere.AerialPerspectiveLUT.SampleCountMaxPerSlice:4]]
[2021.11.13-19.15.49:041][  0]LogConfig: Setting CVar [[r.SkyAtmosphere.AerialPerspectiveLUT.DepthResolution:16.0]]
[2021.11.13-19.15.49:041][  0]LogConfig: Setting CVar [[r.SkyAtmosphere.FastSkyLUT:1]]
[2021.11.13-19.15.49:041][  0]LogConfig: Setting CVar [[r.SkyAtmosphere.FastSkyLUT.SampleCountMin:4.0]]
[2021.11.13-19.15.49:041][  0]LogConfig: Setting CVar [[r.SkyAtmosphere.FastSkyLUT.SampleCountMax:128.0]]
[2021.11.13-19.15.49:041][  0]LogConfig: Setting CVar [[r.SkyAtmosphere.SampleCountMin:4.0]]
[2021.11.13-19.15.49:041][  0]LogConfig: Setting CVar [[r.SkyAtmosphere.SampleCountMax:128.0]]
[2021.11.13-19.15.49:041][  0]LogConfig: Setting CVar [[r.SkyAtmosphere.TransmittanceLUT.UseSmallFormat:0]]
[2021.11.13-19.15.49:041][  0]LogConfig: Setting CVar [[r.SkyAtmosphere.TransmittanceLUT.SampleCount:10.0]]
[2021.11.13-19.15.49:041][  0]LogConfig: Setting CVar [[r.SkyAtmosphere.MultiScatteringLUT.SampleCount:15.0]]
[2021.11.13-19.15.49:041][  0]LogConfig: Setting CVar [[r.SkyLight.RealTimeReflectionCapture:1]]
[2021.11.13-19.15.49:041][  0]LogConfig: Applying CVar settings from Section [FoliageQuality@3] File [E:/GitHub/GitHub/RabbitsOnWingsV2/Pruebas_Terreno/Saved/Config/Windows/Scalability.ini]
[2021.11.13-19.15.49:041][  0]LogConfig: Setting CVar [[foliage.DensityScale:1.0]]
[2021.11.13-19.15.49:041][  0]LogConfig: Setting CVar [[grass.DensityScale:1.0]]
[2021.11.13-19.15.49:041][  0]LogConfig: Applying CVar settings from Section [ShadingQuality@3] File [E:/GitHub/GitHub/RabbitsOnWingsV2/Pruebas_Terreno/Saved/Config/Windows/Scalability.ini]
[2021.11.13-19.15.49:041][  0]LogConfig: Setting CVar [[r.HairStrands.SkyLighting.IntegrationType:2]]
[2021.11.13-19.15.49:041][  0]LogConfig: Setting CVar [[r.HairStrands.SkyAO.SampleCount:4]]
[2021.11.13-19.15.49:041][  0]LogConfig: Setting CVar [[r.HairStrands.Visibility.MSAA.SamplePerPixel:4]]
[2021.11.13-19.15.49:041][  0]LogConfig: Applying CVar settings from Section [Startup] File [../../../Engine/Config/ConsoleVariables.ini]
[2021.11.13-19.15.49:041][  0]LogConfig: Setting CVar [[net.UseAdaptiveNetUpdateFrequency:0]]
[2021.11.13-19.15.49:041][  0]LogConfig: Setting CVar [[p.chaos.AllowCreatePhysxBodies:1]]
[2021.11.13-19.15.49:041][  0]LogConfig: Setting CVar [[fx.SkipVectorVMBackendOptimizations:1]]
[2021.11.13-19.15.49:041][  0]LogConfig: Applying CVar settings from Section [ConsoleVariables] File [E:/GitHub/GitHub/RabbitsOnWingsV2/Pruebas_Terreno/Saved/Config/Windows/Engine.ini]
[2021.11.13-19.15.49:041][  0]LogConfig: Applying CVar settings from Section [ConsoleVariables] File [E:/GitHub/GitHub/RabbitsOnWingsV2/Pruebas_Terreno/Saved/Config/Windows/Editor.ini]
[2021.11.13-19.15.49:041][  0]LogInit: Computer: DESKTOP-AK7G22S
[2021.11.13-19.15.49:041][  0]LogInit: User: Miguel
[2021.11.13-19.15.49:041][  0]LogInit: CPU Page size=4096, Cores=4
[2021.11.13-19.15.49:041][  0]LogInit: High frequency timer resolution =10.000000 MHz
[2021.11.13-19.15.49:041][  0]LogMemory: Memory total: Physical=8.0GB (8GB approx)
[2021.11.13-19.15.49:041][  0]LogMemory: Platform Memory Stats for Windows
[2021.11.13-19.15.49:041][  0]LogMemory: Process Physical Memory: 143.91 MB used, 143.91 MB peak
[2021.11.13-19.15.49:041][  0]LogMemory: Process Virtual Memory: 113.30 MB used, 113.30 MB peak
[2021.11.13-19.15.49:041][  0]LogMemory: Physical Memory: 5628.73 MB used,  2523.22 MB free, 8151.95 MB total
[2021.11.13-19.15.49:041][  0]LogMemory: Virtual Memory: 134213568.00 MB used,  4162.54 MB free, 134217728.00 MB total
[2021.11.13-19.15.49:047][  0]LogWindows: WindowsPlatformFeatures enabled
[2021.11.13-19.15.49:094][  0]LogInit: Physics initialised using underlying interface: PhysX
[2021.11.13-19.15.49:094][  0]LogInit: Overriding language with editor language configuration option (en).
[2021.11.13-19.15.49:095][  0]LogInit: Using OS detected locale (es-ES).
[2021.11.13-19.15.49:290][  0]LogInit: Setting process to per monitor DPI aware
[2021.11.13-19.15.49:304][  0]LogWindowsTextInputMethodSystem: Display: IME system deactivated.
[2021.11.13-19.15.49:323][  0]LogSlate: New Slate User Created.  User Index 0, Is Virtual User: 0
[2021.11.13-19.15.49:323][  0]LogSlate: Slate User Registered.  User Index 0, Is Virtual User: 0
[2021.11.13-19.15.49:553][  0]LogD3D11RHI: Loaded GFSDK_Aftermath_Lib.x64.dll
[2021.11.13-19.15.54:888][  0]LogHMD: Failed to initialize OpenVR with code 108
[2021.11.13-19.15.54:888][  0]LogD3D11RHI: D3D11 min allowed feature level: 11_0
[2021.11.13-19.15.54:888][  0]LogD3D11RHI: D3D11 max allowed feature level: 11_0
[2021.11.13-19.15.54:888][  0]LogD3D11RHI: D3D11 adapters:
[2021.11.13-19.15.54:994][  0]LogD3D11RHI:    0. 'NVIDIA GeForce GTX 650 Ti' (Feature Level 11_0)
[2021.11.13-19.15.54:994][  0]LogD3D11RHI:       2007/0/4075 MB DedicatedVideo/DedicatedSystem/SharedSystem, Outputs:2, VendorId:0x10de
[2021.11.13-19.15.54:997][  0]LogD3D11RHI:    1. 'Microsoft Basic Render Driver' (Feature Level 11_0)
[2021.11.13-19.15.54:997][  0]LogD3D11RHI:       0/0/4075 MB DedicatedVideo/DedicatedSystem/SharedSystem, Outputs:0, VendorId:0x1414
[2021.11.13-19.15.54:997][  0]LogD3D11RHI: Chosen D3D11 Adapter:
[2021.11.13-19.15.54:997][  0]LogD3D11RHI:     Description : NVIDIA GeForce GTX 650 Ti
[2021.11.13-19.15.54:997][  0]LogD3D11RHI:     VendorId    : 10de
[2021.11.13-19.15.54:997][  0]LogD3D11RHI:     DeviceId    : 11c6
[2021.11.13-19.15.54:997][  0]LogD3D11RHI:     SubSysId    : 35541458
[2021.11.13-19.15.54:997][  0]LogD3D11RHI:     Revision    : 00a1
[2021.11.13-19.15.54:997][  0]LogD3D11RHI:     DedicatedVideoMemory : 2104688640 bytes
[2021.11.13-19.15.54:997][  0]LogD3D11RHI:     DedicatedSystemMemory : 0 bytes
[2021.11.13-19.15.54:997][  0]LogD3D11RHI:     SharedSystemMemory : 4273971200 bytes
[2021.11.13-19.15.54:997][  0]LogD3D11RHI:     AdapterLuid : 0 61024
[2021.11.13-19.15.55:003][  0]LogD3D11RHI: Creating new Direct3DDevice
[2021.11.13-19.15.55:003][  0]LogD3D11RHI:     GPU DeviceId: 0x11c6 (for the marketing name, search the web for "GPU Device Id")
[2021.11.13-19.15.55:003][  0]LogWindows: EnumDisplayDevices:
[2021.11.13-19.15.55:003][  0]LogWindows:    0. 'NVIDIA GeForce GTX 650 Ti' (P:1 D:1)
[2021.11.13-19.15.55:003][  0]LogWindows:    1. 'NVIDIA GeForce GTX 650 Ti' (P:0 D:1)
[2021.11.13-19.15.55:004][  0]LogWindows:    2. 'NVIDIA GeForce GTX 650 Ti' (P:0 D:0)
[2021.11.13-19.15.55:004][  0]LogWindows:    3. 'NVIDIA GeForce GTX 650 Ti' (P:0 D:0)
[2021.11.13-19.15.55:004][  0]LogWindows: DebugString: FoundDriverCount:4 
[2021.11.13-19.15.55:004][  0]LogD3D11RHI:     Adapter Name: NVIDIA GeForce GTX 650 Ti
[2021.11.13-19.15.55:004][  0]LogD3D11RHI:   Driver Version: 472.12 (internal:30.0.14.7212, unified:472.12)
[2021.11.13-19.15.55:004][  0]LogD3D11RHI:      Driver Date: 9-13-2021
[2021.11.13-19.15.55:004][  0]LogRHI: Texture pool is 1405 MB (70% of 2007 MB)
[2021.11.13-19.15.55:004][  0]LogD3D11RHI: Creating D3DDevice using adapter:
[2021.11.13-19.15.55:004][  0]LogD3D11RHI:     Description : NVIDIA GeForce GTX 650 Ti
[2021.11.13-19.15.55:004][  0]LogD3D11RHI:     VendorId    : 10de
[2021.11.13-19.15.55:004][  0]LogD3D11RHI:     DeviceId    : 11c6
[2021.11.13-19.15.55:004][  0]LogD3D11RHI:     SubSysId    : 35541458
[2021.11.13-19.15.55:004][  0]LogD3D11RHI:     Revision    : 00a1
[2021.11.13-19.15.55:004][  0]LogD3D11RHI:     DedicatedVideoMemory : 2104688640 bytes
[2021.11.13-19.15.55:004][  0]LogD3D11RHI:     DedicatedSystemMemory : 0 bytes
[2021.11.13-19.15.55:004][  0]LogD3D11RHI:     SharedSystemMemory : 4273971200 bytes
[2021.11.13-19.15.55:004][  0]LogD3D11RHI:     AdapterLuid : 0 61024
[2021.11.13-19.15.55:087][  0]LogD3D11RHI: RHI does not have support for 64 bit atomics
[2021.11.13-19.15.55:087][  0]LogD3D11RHI: Async texture creation enabled
[2021.11.13-19.15.55:121][  0]LogD3D11RHI: GPU Timing Frequency: 1000.000000 (Debug: 2 2)
[2021.11.13-19.15.55:169][  0]LogRHI: GeForceNow SDK initialized: 1
[2021.11.13-19.15.55:515][  0]LogTargetPlatformManager: Display: Loaded TargetPlatform 'AllDesktop'
[2021.11.13-19.15.55:541][  0]LogTargetPlatformManager: Display: Loaded TargetPlatform 'Android'
[2021.11.13-19.15.55:541][  0]LogTargetPlatformManager: Display: Loaded TargetPlatform 'Android_ASTC'
[2021.11.13-19.15.55:541][  0]LogTargetPlatformManager: Display: Loaded TargetPlatform 'Android_DXT'
[2021.11.13-19.15.55:541][  0]LogTargetPlatformManager: Display: Loaded TargetPlatform 'Android_ETC2'
[2021.11.13-19.15.55:541][  0]LogTargetPlatformManager: Display: Loaded TargetPlatform 'AndroidClient'
[2021.11.13-19.15.55:541][  0]LogTargetPlatformManager: Display: Loaded TargetPlatform 'Android_ASTCClient'
[2021.11.13-19.15.55:541][  0]LogTargetPlatformManager: Display: Loaded TargetPlatform 'Android_DXTClient'
[2021.11.13-19.15.55:541][  0]LogTargetPlatformManager: Display: Loaded TargetPlatform 'Android_ETC2Client'
[2021.11.13-19.15.55:541][  0]LogTargetPlatformManager: Display: Loaded TargetPlatform 'Android_Multi'
[2021.11.13-19.15.55:541][  0]LogTargetPlatformManager: Display: Loaded TargetPlatform 'Android_MultiClient'
[2021.11.13-19.15.55:561][  0]LogTargetPlatformManager: Display: Loaded TargetPlatform 'IOSClient'
[2021.11.13-19.15.55:561][  0]LogTargetPlatformManager: Display: Loaded TargetPlatform 'IOS'
[2021.11.13-19.15.55:571][  0]LogTargetPlatformManager: Display: Loaded TargetPlatform 'Linux'
[2021.11.13-19.15.55:576][  0]LogTargetPlatformManager: Display: Loaded TargetPlatform 'LinuxNoEditor'
[2021.11.13-19.15.55:581][  0]LogTargetPlatformManager: Display: Loaded TargetPlatform 'LinuxClient'
[2021.11.13-19.15.55:586][  0]LogTargetPlatformManager: Display: Loaded TargetPlatform 'LinuxServer'
[2021.11.13-19.15.55:596][  0]LogTargetPlatformManager: Display: Loaded TargetPlatform 'LinuxAArch64NoEditor'
[2021.11.13-19.15.55:601][  0]LogTargetPlatformManager: Display: Loaded TargetPlatform 'LinuxAArch64Client'
[2021.11.13-19.15.55:606][  0]LogTargetPlatformManager: Display: Loaded TargetPlatform 'LinuxAArch64Server'
[2021.11.13-19.15.55:633][  0]LogTargetPlatformManager: Display: Loaded TargetPlatform 'Lumin'
[2021.11.13-19.15.55:633][  0]LogTargetPlatformManager: Display: Loaded TargetPlatform 'LuminClient'
[2021.11.13-19.15.55:642][  0]LogTargetPlatformManager: Display: Loaded TargetPlatform 'MacNoEditor'
[2021.11.13-19.15.55:647][  0]LogTargetPlatformManager: Display: Loaded TargetPlatform 'Mac'
[2021.11.13-19.15.55:652][  0]LogTargetPlatformManager: Display: Loaded TargetPlatform 'MacClient'
[2021.11.13-19.15.55:657][  0]LogTargetPlatformManager: Display: Loaded TargetPlatform 'MacServer'
[2021.11.13-19.15.55:668][  0]LogTargetPlatformManager: Display: Loaded TargetPlatform 'TVOSClient'
[2021.11.13-19.15.55:668][  0]LogTargetPlatformManager: Display: Loaded TargetPlatform 'TVOS'
[2021.11.13-19.15.55:678][  0]LogTargetPlatformManager: Display: Loaded TargetPlatform 'WindowsNoEditor'
[2021.11.13-19.15.55:683][  0]LogTargetPlatformManager: Display: Loaded TargetPlatform 'Windows'
[2021.11.13-19.15.55:687][  0]LogTargetPlatformManager: Display: Loaded TargetPlatform 'WindowsClient'
[2021.11.13-19.15.55:692][  0]LogTargetPlatformManager: Display: Loaded TargetPlatform 'WindowsServer'
[2021.11.13-19.15.55:692][  0]LogTargetPlatformManager: Display: Building Assets For Windows
[2021.11.13-19.15.55:700][  0]LogAudioDebug: Display: Lib vorbis DLL was dynamically loaded.
[2021.11.13-19.15.55:731][  0]LogTextureFormatOodle: Display: Oodle Texture 2.9.0 init RDO Off
[2021.11.13-19.15.55:766][  0]LogRendererCore: Ray tracing is disabled. Reason: r.RayTracing=0.
[2021.11.13-19.15.55:766][  0]LogShaderCompilers: Guid format shader working directory is -3 characters bigger than the processId version (E:/GitHub/GitHub/RabbitsOnWingsV2/Pruebas_Terreno/Intermediate/Shaders/WorkingDirectory/10364/).
[2021.11.13-19.15.55:766][  0]LogShaderCompilers: Cleaned the shader compiler working directory 'C:/Users/Miguel/AppData/Local/Temp/UnrealShaderWorkingDir/5131D57E430FD6DDEA87BEBF202A7A5E/'.
[2021.11.13-19.15.55:766][  0]LogXGEController: Cannot use XGE Controller as Incredibuild is not installed on this machine.
[2021.11.13-19.15.55:766][  0]LogShaderCompilers: Cannot use XGE Shader Compiler as Incredibuild is not installed on this machine.
[2021.11.13-19.15.55:766][  0]LogShaderCompilers: Display: Using Local Shader Compiler.
[2021.11.13-19.15.56:601][  0]LogDerivedDataCache: Display: Max Cache Size: 512 MB
[2021.11.13-19.15.56:658][  0]LogDerivedDataCache: Loaded boot cache 0.06s 94MB C:/Users/Miguel/AppData/Local/UnrealEngine/4.27/DerivedDataCache/Boot.ddc.
[2021.11.13-19.15.56:658][  0]LogDerivedDataCache: Display: Loaded Boot cache: C:/Users/Miguel/AppData/Local/UnrealEngine/4.27/DerivedDataCache/Boot.ddc
[2021.11.13-19.15.56:658][  0]LogDerivedDataCache: FDerivedDataBackendGraph:  Pak pak cache file E:/GitHub/GitHub/RabbitsOnWingsV2/Pruebas_Terreno/DerivedDataCache/DDC.ddp not found, will not use a pak cache.
[2021.11.13-19.15.56:658][  0]LogDerivedDataCache: Unable to find inner node Pak for hierarchical cache Hierarchy.
[2021.11.13-19.15.56:658][  0]LogDerivedDataCache: FDerivedDataBackendGraph:  CompressedPak pak cache file E:/GitHub/GitHub/RabbitsOnWingsV2/Pruebas_Terreno/DerivedDataCache/Compressed.ddp not found, will not use a pak cache.
[2021.11.13-19.15.56:658][  0]LogDerivedDataCache: Unable to find inner node CompressedPak for hierarchical cache Hierarchy.
[2021.11.13-19.15.56:675][  0]LogDerivedDataCache: Display: Pak cache opened for reading ../../../Engine/DerivedDataCache/Compressed.ddp.
[2021.11.13-19.15.56:675][  0]LogDerivedDataCache: FDerivedDataBackendGraph:  EnterprisePak pak cache file ../../../Enterprise/DerivedDataCache/Compressed.ddp not found, will not use a pak cache.
[2021.11.13-19.15.56:675][  0]LogDerivedDataCache: Unable to find inner node EnterprisePak for hierarchical cache Hierarchy.
[2021.11.13-19.15.56:685][  0]LogDerivedDataCache: Speed tests for C:/Users/Miguel/AppData/Local/UnrealEngine/Common/DerivedDataCache took 0.01 seconds
[2021.11.13-19.15.56:685][  0]LogDerivedDataCache: Display: Performance to C:/Users/Miguel/AppData/Local/UnrealEngine/Common/DerivedDataCache: Latency=0.04ms. RandomReadSpeed=1201.61MBs, RandomWriteSpeed=117.82MBs. Assigned SpeedClass 'Local'
[2021.11.13-19.15.56:689][  0]LogDerivedDataCache: Using Local data cache path C:/Users/Miguel/AppData/Local/UnrealEngine/Common/DerivedDataCache: Writable
[2021.11.13-19.15.56:689][  0]LogDerivedDataCache: Shared data cache path not found in *engine.ini, will not use an Shared cache.
[2021.11.13-19.15.56:689][  0]LogDerivedDataCache: Unable to find inner node Shared for hierarchical cache Hierarchy.
[2021.11.13-19.15.56:741][  0]LogSlate: Using FreeType 2.10.0
[2021.11.13-19.15.56:741][  0]LogSlate: SlateFontServices - WITH_FREETYPE: 1, WITH_HARFBUZZ: 1
[2021.11.13-19.15.56:771][  0]LogAssetRegistry: FAssetRegistry took 0.0027 seconds to start up
[2021.11.13-19.15.57:020][  0]LogInit: Selected Device Profile: [Windows]
[2021.11.13-19.15.57:020][  0]LogInit: Active device profile: [000002B24DAD8D00][000002B24E5EB480 49] Windows
[2021.11.13-19.15.57:021][  0]LogInit: Profiles: [000002B24DAD8D00][000002B24E5EB480 49] Windows, [000002B24DA8E300][000002B24C079600 49] WindowsNoEditor, [000002B24DAD9C00][000002B24C07D780 49] WindowsServer, [000002B24DA8F100][000002B24287B900 49] WindowsClient, [000002B24DADA900][000002B24287FA80 49] IOS, [000002B24DA8DA00][000002B242883C00 49] iPadAir, [000002B24DADBE00][000002B242886200 49] iPadAir2, [000002B24DA49100][000002B24288E4C0 49] IPadPro, [000002B24DA49200][000002B24288A500 49] iPadAir3, [000002B24DA8CC00][000002B242892680 49] iPadAir4, [000002B24DA49E00][000002B242896800 49] iPadMini2, [000002B24DA8F300][000002B24C074940 49] iPadMini3, [000002B24DA4B900][000002B24289AA80 49] iPadMini4, [000002B24DA8D000][000002B24E600BC0 49] iPadMini5, [000002B24DA4C900][000002B24E60CE40 49] iPhone6, [000002B24DA4CA00][000002B24E604E80 49] iPodTouch6, [000002B24DADAE00][000002B24E615140 49] iPhone7, [000002B24DADAF00][000002B24E611180 49] iPodTouch7, [000002B24DA4BE00][000002B24E619300 49] iPhone5S, [000002B24DAD8F00][000002B24E61D480 49] iPhone6Plus, [000002B24DA4C100][000002B24E621600 49] iPhone6S, [000002B24DA48300][000002B24E625780 49] iPhone6SPlus, [000002B24DA4E800][000002B24E629900 49] iPhone7Plus, [000002B24DA4A400][000002B24E62DA80 49] iPhoneSE, [000002B24DA4E600][000002B24E631C00 49] iPhone8, [000002B24DA48400][000002B24E634200 49] iPhone8Plus, [000002B24DA4F100][000002B24E638380 49] iPhoneX, [000002B24DAD9400][000002B24E63C500 49] iPhoneXS, [000002B24DA4EB00][000002B24E640680 49] iPhoneXSMax, [000002B24DAD8700][000002B24E644800 49] iPhoneXR, [000002B24DA4C800][000002B24E648980 49] iPhone11, [000002B24DAD9100][000002B24E64CB00 49] iPhone11Pro, [000002B24DA4DA00][000002B24E608C40 49] iPhone11ProMax, [000002B24DADB700][000002B24E650D80 49] iPhoneSE2, [000002B24DA4F800][000002B24E654EC0 49] iPhone12Mini, [000002B24DADA300][000002B24E65D040 49] iPhone12, [000002B24DA4F200][000002B24E6611C0 49] iPhone12Pro, [000002B24DAD9300][000002B24E665340 49] iPhone12ProMax, [000002B24DA4D500][000002B24E6694C0 49] iPadPro105, [000002B24DAD8A00][000002B24E66D640 49] iPadPro129, [000002B24DA4FD00][000002B24E6717C0 49] iPadPro97, [000002B24DADAA00][000002B24E675940 49] iPadPro2_129, [000002B24DA4E900][000002B24E679AC0 49] iPad5, [000002B24DAD9E00][000002B24E67C0C0 49] iPad6, [000002B24DA4D300][000002B24E680240 49] iPad7, [000002B24DAD8200][000002B24E6843C0 49] iPad8, [000002B24DA4C400][000002B24E688540 49] iPadPro11, [000002B24DAD9A00][000002B24E68C6C0 49] iPadPro2_11, [000002B24DA4D600][000002B24E690840 49] iPadPro3_129, [000002B24DADA700][000002B24E6949C0 49] iPadPro4_129, [000002B24DA4C200][000002B24E698B40 49] AppleTV, [000002B24DAD8900][000002B24E69CCC0 49] AppleTV4K, [000002B24DA4DD00][000002B24E658E00 49] TVOS, [000002B24DADAD00][000002B24E6A0F40 49] Mac, [000002B24DA4F600][000002B24E6A5080 49] MacClient, [000002B24DADB900][000002B24E6A91C0 49] MacNoEditor, [000002B24DA4F500][000002B24E6B1340 49] MacServer, [000002B24DAD9200][000002B24E6B54C0 49] Linux, [000002B24DA4DC00][000002B24E6B9640 49] LinuxAArch64, [000002B24DADBC00][000002B24E6BD7C0 49] LinuxNoEditor, [000002B24DA4E300][000002B24E6C1940 49] LinuxAArch64NoEditor, [000002B24DAD9B00][000002B24E6C5AC0 49] LinuxClient, [000002B24DA4E500][000002B24E6C80C0 49] LinuxAArch64Client, [000002B24DAD8E00][000002B24E6CC240 49] LinuxServer, [000002B24DA4F900][000002B24E6D03C0 49] LinuxAArch64Server, [000002B24DADB500][000002B24E6D4540 49] Android, [000002B24DA4DE00][000002B24E6D86C0 49] Android_Low, [000002B24DAD9F00][000002B24E6DC840 49] Android_Mid, [000002B24DA4E200][000002B24E6E09C0 49] Android_High, [000002B24DADBF00][000002B24E6E4B40 49] Android_Default, [000002B24DA4E000][000002B24E6E8CC0 49] Android_Adreno4xx, [000002B24DADBD00][000002B24E6ECE40 49] Android_Adreno5xx_Low, [000002B24DA4EA00][000002B24E6ACF80 49] Android_Adreno5xx, [000002B24DADB800][000002B24E6F10C0 49] Android_Adreno6xx, [000002B24DA8C500][000002B24E6F5200 49] Android_Adreno6xx_Vulkan, [000002B24DA49400][000002B24E6F9340 49] Android_Mali_T6xx, [000002B24DA8D100][000002B24E7014C0 49] Android_Mali_T7xx, [000002B24DA4AD00][000002B24E705640 49] Android_Mali_T8xx, [000002B24DA8EF00][000002B24E7097C0 49] Android_Mali_G71, [000002B24DA4B400][000002B24E70D940 49] Android_Mali_G72, [000002B24DA8D700][000002B24E711AC0 49] Android_Mali_G72_Vulkan, [000002B24DA49300][000002B24E7140C0 49] Android_Mali_G76, [000002B24DA8FA00][000002B24E718240 49] Android_Mali_G76_Vulkan, [000002B24DA4AC00][000002B24E71C3C0 49] Android_Mali_G77, [000002B24DA8D500][000002B24E720540 49] Android_Mali_G77_Vulkan, [000002B24DA49800][000002B24E7246C0 49] Android_Mali_G78, [000002B24DA8E200][000002B24E728840 49] Android_Mali_G78_Vulkan, [000002B24DA4BD00][000002B24E72C9C0 49] Android_Mali_G710, [000002B24DA8C300][000002B24E730B40 49] Android_Mali_G710_Vulkan, [000002B24DA48200][000002B24E734CC0 49] Android_Vulkan_SM5, [000002B24DA8C800][000002B24E738E40 49] Android_PowerVR_G6xxx, [000002B24DA4A500][000002B24E73CFC0 49] Android_PowerVR_GT7xxx, [000002B24DA8CE00][000002B24E741140 49] Android_PowerVR_GE8xxx, [000002B24DA49500][000002B24E6FD280 49] Android_PowerVR_GM9xxx, [000002B24DA8CD00][000002B24E7453C0 49] Android_PowerVR_GM9xxx_Vulkan, [000002B24DA49900][000002B24E749500 49] Android_TegraK1, [000002B24DA8C600][000002B24E829680 49] Android_Unknown_Vulkan, [000002B24DA4B800][000002B24C085800 49] Lumin, [000002B24DA8E600][000002B24C089980 49] Lumin_Desktop, [000002B24DA4BB00][000002B24E9FDB00 49] HoloLens, 
[2021.11.13-19.15.57:158][  0]LogMeshReduction: Using QuadricMeshReduction for automatic static mesh reduction
[2021.11.13-19.15.57:158][  0]LogMeshReduction: Using SimplygonMeshReduction for automatic skeletal mesh reduction
[2021.11.13-19.15.57:158][  0]LogMeshReduction: Using ProxyLODMeshReduction for automatic mesh merging
[2021.11.13-19.15.57:158][  0]LogMeshReduction: No distributed automatic mesh merging module available
[2021.11.13-19.15.57:158][  0]LogMeshMerging: No distributed automatic mesh merging module available
[2021.11.13-19.15.57:182][  0]LogNetVersion: Pruebas_Terreno 1.0.0, NetCL: 17155196, EngineNetVer: 17, GameNetVer: 0 (Checksum: 648963629)
[2021.11.13-19.15.57:655][  0]LogTexture: Default maximum texture size for cubemaps generated from long-lat sources has been changed from 512 to unlimited. In order to preserve old behaiour for '/Engine/MapTemplates/Sky/DaylightAmbientCubemap.DaylightAmbientCubemap', its maximum texture size has been explicitly set to 512.
[2021.11.13-19.15.57:725][  0]LogHMD: PokeAHoleMaterial loaded successfully
[2021.11.13-19.15.57:732][  0]LogUObjectArray: 17178 objects as part of root set at end of initial load.
[2021.11.13-19.15.57:732][  0]LogUObjectAllocator: 4301856 out of 0 bytes used by permanent object pool.
[2021.11.13-19.15.57:732][  0]LogUObjectArray: CloseDisregardForGC: 0/0 objects in disregard for GC pool
[2021.11.13-19.15.58:056][  0]LogNiagaraDebuggerClient: Niagara Debugger Client Initialized | Session: EBB9814D47600CAEC0E8E58A293236F3 | Instance: 94CDE3A8418BFD950BB668AC884735AD (DESKTOP-AK7G22S-10364).
[2021.11.13-19.15.58:091][  0]LogImageWrapper: Warning: PNG Warning: Duplicate iCCP chunk
[2021.11.13-19.15.58:091][  0]LogImageWrapper: Warning: PNG Warning: Duplicate iCCP chunk
[2021.11.13-19.15.58:091][  0]LogPython: Using Python 3.7.7
[2021.11.13-19.15.58:746][  0]LogTcpMessaging: Initializing TcpMessaging bridge
[2021.11.13-19.15.58:750][  0]LogUdpMessaging: Initializing bridge on interface 0.0.0.0:0 to multicast group 230.0.0.1:6666.
[2021.11.13-19.15.58:928][  0]SourceControl: Source control is disabled
[2021.11.13-19.15.58:928][  0]SourceControl: Source control is disabled
[2021.11.13-19.15.58:932][  0]SourceControl: Source control is disabled
[2021.11.13-19.15.58:935][  0]SourceControl: Source control is disabled
[2021.11.13-19.15.58:945][  0]SourceControl: Source control is disabled
[2021.11.13-19.15.58:952][  0]LogUProjectInfo: Found projects:
[2021.11.13-19.15.59:168][  0]LogOpenImageDenoise: OIDN starting up
[2021.11.13-19.15.59:213][  0]LogAndroidPermission: UAndroidPermissionCallbackProxy::GetInstance
[2021.11.13-19.15.59:235][  0]LogAudioCaptureCore: Display: No Audio Capture implementations found. Audio input will be silent.
[2021.11.13-19.15.59:235][  0]LogAudioCaptureCore: Display: No Audio Capture implementations found. Audio input will be silent.
[2021.11.13-19.15.59:375][  0]LogCollectionManager: Loaded 0 collections in 0.001765 seconds
[2021.11.13-19.15.59:401][  0]LogFileCache: Scanning file cache for directory 'E:/GitHub/GitHub/RabbitsOnWingsV2/Pruebas_Terreno/Saved/Collections/' took 0.00s
[2021.11.13-19.15.59:401][  0]LogFileCache: Scanning file cache for directory 'E:/GitHub/GitHub/RabbitsOnWingsV2/Pruebas_Terreno/Content/Developers/Miguel/Collections/' took 0.00s
[2021.11.13-19.15.59:401][  0]LogFileCache: Scanning file cache for directory 'E:/GitHub/GitHub/RabbitsOnWingsV2/Pruebas_Terreno/Content/Collections/' took 0.00s
[2021.11.13-19.15.59:401][  0]LogOcInput: OculusInput pre-init called
[2021.11.13-19.15.59:706][  0]LogImageWrapper: Warning: PNG Warning: Duplicate iCCP chunk
[2021.11.13-19.15.59:706][  0]LogImageWrapper: Warning: PNG Warning: Duplicate iCCP chunk
[2021.11.13-19.15.59:706][  0]LogEngine: Initializing Engine...
[2021.11.13-19.15.59:778][  0]LogHMD: Failed to initialize OpenVR with code 108
[2021.11.13-19.15.59:816][  0]LogHMD: Optional extension XR_KHR_opengl_enable is not available
[2021.11.13-19.15.59:816][  0]LogHMD: Optional extension XR_KHR_vulkan_enable is not available
[2021.11.13-19.15.59:816][  0]LogHMD: Optional extension XR_VARJO_quad_views is not available
[2021.11.13-19.15.59:827][  0]LogHMD: Failed to get an OpenXR system, result is XR_ERROR_FORM_FACTOR_UNAVAILABLE. Please check that your runtime supports VR headsets.
[2021.11.13-19.15.59:827][  0]LogMagicLeap: Warning: VR disabled because ZI is not enabled.  To enable, in the editor, Edit -> Project Settings -> Plugins -> Magic Leap Plugin -> Enable Zero Iteration
[2021.11.13-19.15.59:828][  0]LogStats: UGameplayTagsManager::InitializeManager -  0.000 s
[2021.11.13-19.15.59:991][  0]LogInit: Initializing FReadOnlyCVARCache
[2021.11.13-19.15.59:999][  0]LogAIModule: Creating AISystem for world Untitled
[2021.11.13-19.16.00:000][  0]LogAudio: Display: Initializing Audio Device Manager...
[2021.11.13-19.16.00:003][  0]LogAudio: Display: Loading Default Audio Settings Objects...
[2021.11.13-19.16.00:004][  0]LogAudio: Display: No default SoundConcurrencyObject specified (or failed to load).
[2021.11.13-19.16.00:004][  0]LogAudio: Display: Audio Device Manager Initialized
[2021.11.13-19.16.00:004][  0]LogAudio: Display: Creating Audio Device:                 Id: 1, Scope: Shared, Realtime: True
[2021.11.13-19.16.00:004][  0]LogAudioMixer: Display: Audio Mixer Platform Settings:
[2021.11.13-19.16.00:004][  0]LogAudioMixer: Display: 	Sample Rate:						  48000
[2021.11.13-19.16.00:004][  0]LogAudioMixer: Display: 	Callback Buffer Frame Size Requested: 1024
[2021.11.13-19.16.00:004][  0]LogAudioMixer: Display: 	Callback Buffer Frame Size To Use:	  1024
[2021.11.13-19.16.00:004][  0]LogAudioMixer: Display: 	Number of buffers to queue:			  2
[2021.11.13-19.16.00:004][  0]LogAudioMixer: Display: 	Max Channels (voices):				  32
[2021.11.13-19.16.00:004][  0]LogAudioMixer: Display: 	Number of Async Source Workers:		  0
[2021.11.13-19.16.00:004][  0]LogAudio: Display: AudioDevice MaxSources: 32
[2021.11.13-19.16.00:005][  0]LogAudio: Display: Audio Spatialization Plugin: None (built-in).
[2021.11.13-19.16.00:005][  0]LogAudio: Display: Audio Reverb Plugin: None (built-in).
[2021.11.13-19.16.00:005][  0]LogAudio: Display: Audio Occlusion Plugin: None (built-in).
[2021.11.13-19.16.00:005][  0]LogAudioMixer: Display: Initializing audio mixer.
[2021.11.13-19.16.00:018][  0]LogAudioMixer: Display: 0: FrontLeft
[2021.11.13-19.16.00:018][  0]LogAudioMixer: Display: 1: FrontRight
[2021.11.13-19.16.00:044][  0]LogAudioMixer: Display: Using Audio Device Altavoces (Sound Blaster World of Warcraft Wireless Headset)
[2021.11.13-19.16.00:045][  0]LogAudioMixer: Display: Initializing Sound Submixes...
[2021.11.13-19.16.00:048][  0]LogAudioMixer: Display: Creating Master Submix 'MasterSubmixDefault'
[2021.11.13-19.16.00:048][  0]LogAudioMixer: Display: Creating Master Submix 'MasterReverbSubmixDefault'
[2021.11.13-19.16.00:049][  0]LogAudioMixer: Display: Creating Master Submix 'MasterEQSubmixDefault'
[2021.11.13-19.16.00:049][  0]LogAudioMixer: FMixerPlatformXAudio2::StartAudioStream() called
[2021.11.13-19.16.00:049][  0]LogAudioMixer: Display: Output buffers initialized: Frames=1024, Channels=2, Samples=2048
[2021.11.13-19.16.00:050][  0]LogAudioMixer: Display: Starting AudioMixerPlatformInterface::RunInternal()
[2021.11.13-19.16.00:050][  0]LogAudioMixer: Display: FMixerPlatformXAudio2::SubmitBuffer() called for the first time
[2021.11.13-19.16.00:050][  0]LogInit: FAudioDevice initialized.
[2021.11.13-19.16.00:050][  0]LogAudio: Display: Audio Device (ID: 1) registered with world 'Untitled'.
[2021.11.13-19.16.00:050][  0]LogNetVersion: Set ProjectVersion to 1.0.0.0. Version Checksum will be recalculated on next use.
[2021.11.13-19.16.00:130][  0]LogDerivedDataCache: Saved boot cache 0.08s 94MB C:/Users/Miguel/AppData/Local/UnrealEngine/4.27/DerivedDataCache/Boot.ddc.
[2021.11.13-19.16.00:130][  0]LogInit: Texture streaming: Enabled
[2021.11.13-19.16.00:142][  0]LogAnalytics: Display: [UEEditor.Rocket.Release] APIServer = https://datarouter.ol.epicgames.com/. AppVersion = 4.27.1-17735300+++UE4+Release-4.27
[2021.11.13-19.16.00:146][  0]LogEngineSessionManager: EngineSessionManager initialized
[2021.11.13-19.16.00:146][  0]LogEditorSessionSummary: Verbose: Initializing EditorSessionSummaryWriter for editor session tracking
[2021.11.13-19.16.00:148][  0]LogEditorSessionSummary: EditorSessionSummaryWriter initialized
[2021.11.13-19.16.00:178][  0]LogInit: Transaction tracking system initialized
[2021.11.13-19.16.00:202][  0]BlueprintLog: New page: Editor Load
[2021.11.13-19.16.00:271][  0]LocalizationService: Localization service is disabled
[2021.11.13-19.16.00:296][  0]TimingProfiler: Initialize
[2021.11.13-19.16.00:297][  0]TimingProfiler: OnSessionChanged
[2021.11.13-19.16.00:297][  0]LoadingProfiler: Initialize
[2021.11.13-19.16.00:297][  0]LoadingProfiler: OnSessionChanged
[2021.11.13-19.16.00:297][  0]NetworkingProfiler: Initialize
[2021.11.13-19.16.00:297][  0]NetworkingProfiler: OnSessionChanged
[2021.11.13-19.16.00:297][  0]MemoryProfiler: Initialize
[2021.11.13-19.16.00:297][  0]MemoryProfiler: OnSessionChanged
[2021.11.13-19.16.00:506][  0]LogCook: Display: CookSettings for Memory: MemoryMaxUsedVirtual 0MiB, MemoryMaxUsedPhysical 16384MiB, MemoryMinFreeVirtual 0MiB, MemoryMinFreePhysical 1024MiB
[2021.11.13-19.16.00:506][  0]LogCook: Display: Mobile HDR setting 1
[2021.11.13-19.16.00:696][  0]LogFileCache: Scanning file cache for directory 'E:/GitHub/GitHub/RabbitsOnWingsV2/Pruebas_Terreno/Content/' took 0.01s
[2021.11.13-19.16.00:943][  0]LogImageWrapper: Warning: PNG Warning: Duplicate iCCP chunk
[2021.11.13-19.16.00:943][  0]LogImageWrapper: Warning: PNG Warning: Duplicate iCCP chunk
[2021.11.13-19.16.00:943][  0]LogInit: Display: Engine is initialized. Leaving FEngineLoop::Init()
[2021.11.13-19.16.00:946][  0]SourceControl: Source control is disabled
[2021.11.13-19.16.01:152][  0]LogSlate: Took 0.000207 seconds to synchronously load lazily loaded font '../../../Engine/Content/Slate/Fonts/Roboto-Regular.ttf' (155K)
[2021.11.13-19.16.37:180][  0]LogSlate: Window 'Restore Packages' being destroyed
[2021.11.13-19.16.40:700][  0]LogSlate: Window 'Unable to Check Out From Source Control!' being destroyed
[2021.11.13-19.16.40:723][  0]Message dialog closed, result: Ok, title: Unable to Check Out From Source Control!, text: The following assets could not be successfully checked out from source control:
/Game/ThirdPersonBP/Maps/Assets/Dirigible/body
/Game/ThirdPersonBP/Maps/Assets/Tree/trunk_color
/Game/ThirdPersonBP/Maps/Assets/Tree/branch_color_001
/Game/ThirdPersonBP/Maps/Assets/Tree/branch_color
/Game/ThirdPersonBP/Maps/Assets/Tree/branch_color_003
/Game/ThirdPersonBP/Maps/Assets/Dirigible/wings_cabin
/Game/ThirdPersonBP/Maps/Assets/Dirigible/logo
/Game/ThirdPersonBP/Maps/Assets/Dirigible/door
/Game/ThirdPersonBP/Maps/Assets/Dirigible/glass
[2021.11.13-19.16.40:755][  0]LogUnrealEdMisc: Loading editor; pre map load, took 53.311
[2021.11.13-19.16.40:756][  0]Cmd: MAP LOAD FILE="E:/GitHub/GitHub/RabbitsOnWingsV2/Pruebas_Terreno/Content/ThirdPersonBP/Maps/EndlessRunner.umap" TEMPLATE=0 SHOWPROGRESS=1 FEATURELEVEL=3
[2021.11.13-19.16.40:790][  0]LightingResults: New page: Lighting Build
[2021.11.13-19.16.40:792][  0]LogWorld: UWorld::CleanupWorld for Untitled, bSessionEnded=true, bCleanupResources=true
[2021.11.13-19.16.40:792][  0]LogSlate: InvalidateAllWidgets triggered.  All widgets were invalidated
[2021.11.13-19.16.40:792][  0]MapCheck: New page: Map Check
[2021.11.13-19.16.40:792][  0]LightingResults: New page: Lighting Build
[2021.11.13-19.16.40:800][  0]LogAudio: Display: Audio Device unregistered from world 'None'.
[2021.11.13-19.16.40:804][  0]LogUObjectHash: Compacting FUObjectHashTables data took   0.85ms
[2021.11.13-19.16.42:145][  0]LogAudio: Display: Audio Device (ID: 1) registered with world 'EndlessRunner'.
[2021.11.13-19.16.42:146][  0]LogAIModule: Creating AISystem for world EndlessRunner
[2021.11.13-19.16.42:150][  0]LogEditorServer: Finished looking for orphan Actors (0.000 secs)
[2021.11.13-19.16.42:159][  0]LogUObjectHash: Compacting FUObjectHashTables data took   0.83ms
[2021.11.13-19.16.42:162][  0]Cmd: MAP CHECKDEP NOCLEARLOG
[2021.11.13-19.16.42:162][  0]MapCheck: Map check complete: 0 Error(s), 0 Warning(s), took 0,269ms to complete.
[2021.11.13-19.16.42:162][  0]LogFileHelpers: Loading map 'EndlessRunner' took 1.407
[2021.11.13-19.16.42:164][  0]LogUnrealEdMisc: Total Editor Startup Time, took 54.721
[2021.11.13-19.16.42:302][  0]LogSlate: Updating window title bar state: overlay mode, drag disabled, window buttons hidden, title bar hidden
[2021.11.13-19.16.42:308][  0]LogSlate: Updating window title bar state: overlay mode, drag disabled, window buttons hidden, title bar hidden
[2021.11.13-19.16.42:314][  0]LogSlate: Updating window title bar state: overlay mode, drag disabled, window buttons hidden, title bar hidden
[2021.11.13-19.16.42:321][  0]LogSlate: Updating window title bar state: overlay mode, drag disabled, window buttons hidden, title bar hidden
[2021.11.13-19.16.42:360][  0]LogNativeClassHierarchy: Verbose: Native class hierarchy populated in 0.0097 seconds. Added 3822 classes and 928 folders.
[2021.11.13-19.16.42:382][  0]LogNativeClassHierarchy: Verbose: Native class hierarchy updated for 'WidgetCarousel' in 0.0003 seconds. Added 0 classes and 0 folders.
[2021.11.13-19.16.42:422][  0]LogPakFile: PakFile PrimaryIndexSize=187
[2021.11.13-19.16.42:423][  0]LogPakFile: PakFile PathHashIndexSize=101
[2021.11.13-19.16.42:423][  0]LogPakFile: PakFile FullDirectoryIndexSize=148
[2021.11.13-19.16.42:423][  0]LogShaderLibrary: Display: ShaderCodeLibraryPakFileMountedCallback: PakFile 'D:/UE_4.27/FeaturePacks/FP_FirstPerson.upack' (chunk index -1, root 'root:/') mounted
[2021.11.13-19.16.42:423][  0]LogShaderLibrary: Display: ShaderCodeLibraryPakFileMountedCallback: pending pak file info (ChunkID:-1 Root:root:/ File:D:/UE_4.27/FeaturePacks/FP_FirstPerson.upack)
[2021.11.13-19.16.42:423][  0]LogPakFile: OnPakFileMounted2Time == 0.000062
[2021.11.13-19.16.42:455][  0]LogPakFile: PakFile PrimaryIndexSize=189
[2021.11.13-19.16.42:455][  0]LogPakFile: PakFile PathHashIndexSize=101
[2021.11.13-19.16.42:455][  0]LogPakFile: PakFile FullDirectoryIndexSize=152
[2021.11.13-19.16.42:455][  0]LogShaderLibrary: Display: ShaderCodeLibraryPakFileMountedCallback: PakFile 'D:/UE_4.27/FeaturePacks/FP_FirstPersonBP.upack' (chunk index -1, root 'root:/') mounted
[2021.11.13-19.16.42:455][  0]LogShaderLibrary: Display: ShaderCodeLibraryPakFileMountedCallback: pending pak file info (ChunkID:-1 Root:root:/ File:D:/UE_4.27/FeaturePacks/FP_FirstPersonBP.upack)
[2021.11.13-19.16.42:455][  0]LogPakFile: OnPakFileMounted2Time == 0.000050
[2021.11.13-19.16.42:481][  0]LogPakFile: PakFile PrimaryIndexSize=191
[2021.11.13-19.16.42:481][  0]LogPakFile: PakFile PathHashIndexSize=101
[2021.11.13-19.16.42:481][  0]LogPakFile: PakFile FullDirectoryIndexSize=160
[2021.11.13-19.16.42:481][  0]LogShaderLibrary: Display: ShaderCodeLibraryPakFileMountedCallback: PakFile 'D:/UE_4.27/FeaturePacks/MobileStarterContent.upack' (chunk index -1, root 'root:/') mounted
[2021.11.13-19.16.42:481][  0]LogShaderLibrary: Display: ShaderCodeLibraryPakFileMountedCallback: pending pak file info (ChunkID:-1 Root:root:/ File:D:/UE_4.27/FeaturePacks/MobileStarterContent.upack)
[2021.11.13-19.16.42:481][  0]LogPakFile: OnPakFileMounted2Time == 0.000043
[2021.11.13-19.16.42:493][  0]LogPakFile: PakFile PrimaryIndexSize=185
[2021.11.13-19.16.42:493][  0]LogPakFile: PakFile PathHashIndexSize=101
[2021.11.13-19.16.42:493][  0]LogPakFile: PakFile FullDirectoryIndexSize=148
[2021.11.13-19.16.42:493][  0]LogShaderLibrary: Display: ShaderCodeLibraryPakFileMountedCallback: PakFile 'D:/UE_4.27/FeaturePacks/StarterContent.upack' (chunk index -1, root 'root:/') mounted
[2021.11.13-19.16.42:493][  0]LogShaderLibrary: Display: ShaderCodeLibraryPakFileMountedCallback: pending pak file info (ChunkID:-1 Root:root:/ File:D:/UE_4.27/FeaturePacks/StarterContent.upack)
[2021.11.13-19.16.42:493][  0]LogPakFile: OnPakFileMounted2Time == 0.000044
[2021.11.13-19.16.42:507][  0]LogPakFile: PakFile PrimaryIndexSize=190
[2021.11.13-19.16.42:507][  0]LogPakFile: PakFile PathHashIndexSize=101
[2021.11.13-19.16.42:507][  0]LogPakFile: PakFile FullDirectoryIndexSize=154
[2021.11.13-19.16.42:507][  0]LogShaderLibrary: Display: ShaderCodeLibraryPakFileMountedCallback: PakFile 'D:/UE_4.27/FeaturePacks/TP_2DSideScroller.upack' (chunk index -1, root 'root:/') mounted
[2021.11.13-19.16.42:508][  0]LogShaderLibrary: Display: ShaderCodeLibraryPakFileMountedCallback: pending pak file info (ChunkID:-1 Root:root:/ File:D:/UE_4.27/FeaturePacks/TP_2DSideScroller.upack)
[2021.11.13-19.16.42:508][  0]LogPakFile: OnPakFileMounted2Time == 0.000055
[2021.11.13-19.16.42:530][  0]LogPakFile: PakFile PrimaryIndexSize=192
[2021.11.13-19.16.42:530][  0]LogPakFile: PakFile PathHashIndexSize=101
[2021.11.13-19.16.42:530][  0]LogPakFile: PakFile FullDirectoryIndexSize=158
[2021.11.13-19.16.42:530][  0]LogShaderLibrary: Display: ShaderCodeLibraryPakFileMountedCallback: PakFile 'D:/UE_4.27/FeaturePacks/TP_2DSideScrollerBP.upack' (chunk index -1, root 'root:/') mounted
[2021.11.13-19.16.42:530][  0]LogShaderLibrary: Display: ShaderCodeLibraryPakFileMountedCallback: pending pak file info (ChunkID:-1 Root:root:/ File:D:/UE_4.27/FeaturePacks/TP_2DSideScrollerBP.upack)
[2021.11.13-19.16.42:530][  0]LogPakFile: OnPakFileMounted2Time == 0.000043
[2021.11.13-19.16.42:550][  0]LogPakFile: PakFile PrimaryIndexSize=182
[2021.11.13-19.16.42:550][  0]LogPakFile: PakFile PathHashIndexSize=101
[2021.11.13-19.16.42:550][  0]LogPakFile: PakFile FullDirectoryIndexSize=138
[2021.11.13-19.16.42:550][  0]LogShaderLibrary: Display: ShaderCodeLibraryPakFileMountedCallback: PakFile 'D:/UE_4.27/FeaturePacks/TP_Flying.upack' (chunk index -1, root 'root:/') mounted
[2021.11.13-19.16.42:550][  0]LogShaderLibrary: Display: ShaderCodeLibraryPakFileMountedCallback: pending pak file info (ChunkID:-1 Root:root:/ File:D:/UE_4.27/FeaturePacks/TP_Flying.upack)
[2021.11.13-19.16.42:550][  0]LogPakFile: OnPakFileMounted2Time == 0.000042
[2021.11.13-19.16.42:578][  0]LogPakFile: PakFile PrimaryIndexSize=184
[2021.11.13-19.16.42:578][  0]LogPakFile: PakFile PathHashIndexSize=101
[2021.11.13-19.16.42:578][  0]LogPakFile: PakFile FullDirectoryIndexSize=142
[2021.11.13-19.16.42:578][  0]LogShaderLibrary: Display: ShaderCodeLibraryPakFileMountedCallback: PakFile 'D:/UE_4.27/FeaturePacks/TP_FlyingBP.upack' (chunk index -1, root 'root:/') mounted
[2021.11.13-19.16.42:579][  0]LogShaderLibrary: Display: ShaderCodeLibraryPakFileMountedCallback: pending pak file info (ChunkID:-1 Root:root:/ File:D:/UE_4.27/FeaturePacks/TP_FlyingBP.upack)
[2021.11.13-19.16.42:579][  0]LogPakFile: OnPakFileMounted2Time == 0.000058
[2021.11.13-19.16.42:604][  0]LogPakFile: PakFile PrimaryIndexSize=188
[2021.11.13-19.16.42:604][  0]LogPakFile: PakFile PathHashIndexSize=101
[2021.11.13-19.16.42:604][  0]LogPakFile: PakFile FullDirectoryIndexSize=150
[2021.11.13-19.16.42:604][  0]LogShaderLibrary: Display: ShaderCodeLibraryPakFileMountedCallback: PakFile 'D:/UE_4.27/FeaturePacks/TP_HandheldARBP.upack' (chunk index -1, root 'root:/') mounted
[2021.11.13-19.16.42:604][  0]LogShaderLibrary: Display: ShaderCodeLibraryPakFileMountedCallback: pending pak file info (ChunkID:-1 Root:root:/ File:D:/UE_4.27/FeaturePacks/TP_HandheldARBP.upack)
[2021.11.13-19.16.42:604][  0]LogPakFile: OnPakFileMounted2Time == 0.000043
[2021.11.13-19.16.42:638][  0]LogPakFile: PakFile PrimaryIndexSize=182
[2021.11.13-19.16.42:638][  0]LogPakFile: PakFile PathHashIndexSize=101
[2021.11.13-19.16.42:639][  0]LogPakFile: PakFile FullDirectoryIndexSize=138
[2021.11.13-19.16.42:639][  0]LogShaderLibrary: Display: ShaderCodeLibraryPakFileMountedCallback: PakFile 'D:/UE_4.27/FeaturePacks/TP_Puzzle.upack' (chunk index -1, root 'root:/') mounted
[2021.11.13-19.16.42:639][  0]LogShaderLibrary: Display: ShaderCodeLibraryPakFileMountedCallback: pending pak file info (ChunkID:-1 Root:root:/ File:D:/UE_4.27/FeaturePacks/TP_Puzzle.upack)
[2021.11.13-19.16.42:639][  0]LogPakFile: OnPakFileMounted2Time == 0.000053
[2021.11.13-19.16.42:657][  0]LogPakFile: PakFile PrimaryIndexSize=184
[2021.11.13-19.16.42:657][  0]LogPakFile: PakFile PathHashIndexSize=101
[2021.11.13-19.16.42:657][  0]LogPakFile: PakFile FullDirectoryIndexSize=142
[2021.11.13-19.16.42:657][  0]LogShaderLibrary: Display: ShaderCodeLibraryPakFileMountedCallback: PakFile 'D:/UE_4.27/FeaturePacks/TP_PuzzleBP.upack' (chunk index -1, root 'root:/') mounted
[2021.11.13-19.16.42:657][  0]LogShaderLibrary: Display: ShaderCodeLibraryPakFileMountedCallback: pending pak file info (ChunkID:-1 Root:root:/ File:D:/UE_4.27/FeaturePacks/TP_PuzzleBP.upack)
[2021.11.13-19.16.42:657][  0]LogPakFile: OnPakFileMounted2Time == 0.000066
[2021.11.13-19.16.42:677][  0]LogPakFile: PakFile PrimaryIndexSize=183
[2021.11.13-19.16.42:677][  0]LogPakFile: PakFile PathHashIndexSize=101
[2021.11.13-19.16.42:677][  0]LogPakFile: PakFile FullDirectoryIndexSize=140
[2021.11.13-19.16.42:677][  0]LogShaderLibrary: Display: ShaderCodeLibraryPakFileMountedCallback: PakFile 'D:/UE_4.27/FeaturePacks/TP_Rolling.upack' (chunk index -1, root 'root:/') mounted
[2021.11.13-19.16.42:677][  0]LogShaderLibrary: Display: ShaderCodeLibraryPakFileMountedCallback: pending pak file info (ChunkID:-1 Root:root:/ File:D:/UE_4.27/FeaturePacks/TP_Rolling.upack)
[2021.11.13-19.16.42:677][  0]LogPakFile: OnPakFileMounted2Time == 0.000042
[2021.11.13-19.16.42:693][  0]LogPakFile: PakFile PrimaryIndexSize=185
[2021.11.13-19.16.42:693][  0]LogPakFile: PakFile PathHashIndexSize=101
[2021.11.13-19.16.42:693][  0]LogPakFile: PakFile FullDirectoryIndexSize=144
[2021.11.13-19.16.42:693][  0]LogShaderLibrary: Display: ShaderCodeLibraryPakFileMountedCallback: PakFile 'D:/UE_4.27/FeaturePacks/TP_RollingBP.upack' (chunk index -1, root 'root:/') mounted
[2021.11.13-19.16.42:693][  0]LogShaderLibrary: Display: ShaderCodeLibraryPakFileMountedCallback: pending pak file info (ChunkID:-1 Root:root:/ File:D:/UE_4.27/FeaturePacks/TP_RollingBP.upack)
[2021.11.13-19.16.42:693][  0]LogPakFile: OnPakFileMounted2Time == 0.000043
[2021.11.13-19.16.42:718][  0]LogPakFile: PakFile PrimaryIndexSize=188
[2021.11.13-19.16.42:718][  0]LogPakFile: PakFile PathHashIndexSize=101
[2021.11.13-19.16.42:718][  0]LogPakFile: PakFile FullDirectoryIndexSize=150
[2021.11.13-19.16.42:718][  0]LogShaderLibrary: Display: ShaderCodeLibraryPakFileMountedCallback: PakFile 'D:/UE_4.27/FeaturePacks/TP_SideScroller.upack' (chunk index -1, root 'root:/') mounted
[2021.11.13-19.16.42:718][  0]LogShaderLibrary: Display: ShaderCodeLibraryPakFileMountedCallback: pending pak file info (ChunkID:-1 Root:root:/ File:D:/UE_4.27/FeaturePacks/TP_SideScroller.upack)
[2021.11.13-19.16.42:718][  0]LogPakFile: OnPakFileMounted2Time == 0.000044
[2021.11.13-19.16.42:738][  0]LogPakFile: PakFile PrimaryIndexSize=190
[2021.11.13-19.16.42:739][  0]LogPakFile: PakFile PathHashIndexSize=101
[2021.11.13-19.16.42:739][  0]LogPakFile: PakFile FullDirectoryIndexSize=154
[2021.11.13-19.16.42:739][  0]LogShaderLibrary: Display: ShaderCodeLibraryPakFileMountedCallback: PakFile 'D:/UE_4.27/FeaturePacks/TP_SideScrollerBP.upack' (chunk index -1, root 'root:/') mounted
[2021.11.13-19.16.42:739][  0]LogShaderLibrary: Display: ShaderCodeLibraryPakFileMountedCallback: pending pak file info (ChunkID:-1 Root:root:/ File:D:/UE_4.27/FeaturePacks/TP_SideScrollerBP.upack)
[2021.11.13-19.16.42:739][  0]LogPakFile: OnPakFileMounted2Time == 0.000057
[2021.11.13-19.16.42:748][  0]LogPakFile: PakFile PrimaryIndexSize=187
[2021.11.13-19.16.42:748][  0]LogPakFile: PakFile PathHashIndexSize=101
[2021.11.13-19.16.42:748][  0]LogPakFile: PakFile FullDirectoryIndexSize=148
[2021.11.13-19.16.42:748][  0]LogShaderLibrary: Display: ShaderCodeLibraryPakFileMountedCallback: PakFile 'D:/UE_4.27/FeaturePacks/TP_ThirdPerson.upack' (chunk index -1, root 'root:/') mounted
[2021.11.13-19.16.42:748][  0]LogShaderLibrary: Display: ShaderCodeLibraryPakFileMountedCallback: pending pak file info (ChunkID:-1 Root:root:/ File:D:/UE_4.27/FeaturePacks/TP_ThirdPerson.upack)
[2021.11.13-19.16.42:748][  0]LogPakFile: OnPakFileMounted2Time == 0.000043
[2021.11.13-19.16.42:776][  0]LogPakFile: PakFile PrimaryIndexSize=189
[2021.11.13-19.16.42:776][  0]LogPakFile: PakFile PathHashIndexSize=101
[2021.11.13-19.16.42:776][  0]LogPakFile: PakFile FullDirectoryIndexSize=152
[2021.11.13-19.16.42:776][  0]LogShaderLibrary: Display: ShaderCodeLibraryPakFileMountedCallback: PakFile 'D:/UE_4.27/FeaturePacks/TP_ThirdPersonBP.upack' (chunk index -1, root 'root:/') mounted
[2021.11.13-19.16.42:776][  0]LogShaderLibrary: Display: ShaderCodeLibraryPakFileMountedCallback: pending pak file info (ChunkID:-1 Root:root:/ File:D:/UE_4.27/FeaturePacks/TP_ThirdPersonBP.upack)
[2021.11.13-19.16.42:776][  0]LogPakFile: OnPakFileMounted2Time == 0.000050
[2021.11.13-19.16.42:789][  0]LogPakFile: PakFile PrimaryIndexSize=183
[2021.11.13-19.16.42:789][  0]LogPakFile: PakFile PathHashIndexSize=101
[2021.11.13-19.16.42:789][  0]LogPakFile: PakFile FullDirectoryIndexSize=140
[2021.11.13-19.16.42:789][  0]LogShaderLibrary: Display: ShaderCodeLibraryPakFileMountedCallback: PakFile 'D:/UE_4.27/FeaturePacks/TP_TopDown.upack' (chunk index -1, root 'root:/') mounted
[2021.11.13-19.16.42:789][  0]LogShaderLibrary: Display: ShaderCodeLibraryPakFileMountedCallback: pending pak file info (ChunkID:-1 Root:root:/ File:D:/UE_4.27/FeaturePacks/TP_TopDown.upack)
[2021.11.13-19.16.42:789][  0]LogPakFile: OnPakFileMounted2Time == 0.000048
[2021.11.13-19.16.42:808][  0]LogPakFile: PakFile PrimaryIndexSize=185
[2021.11.13-19.16.42:808][  0]LogPakFile: PakFile PathHashIndexSize=101
[2021.11.13-19.16.42:808][  0]LogPakFile: PakFile FullDirectoryIndexSize=144
[2021.11.13-19.16.42:808][  0]LogShaderLibrary: Display: ShaderCodeLibraryPakFileMountedCallback: PakFile 'D:/UE_4.27/FeaturePacks/TP_TopDownBP.upack' (chunk index -1, root 'root:/') mounted
[2021.11.13-19.16.42:808][  0]LogShaderLibrary: Display: ShaderCodeLibraryPakFileMountedCallback: pending pak file info (ChunkID:-1 Root:root:/ File:D:/UE_4.27/FeaturePacks/TP_TopDownBP.upack)
[2021.11.13-19.16.42:808][  0]LogPakFile: OnPakFileMounted2Time == 0.000047
[2021.11.13-19.16.42:816][  0]LogPakFile: PakFile PrimaryIndexSize=185
[2021.11.13-19.16.42:816][  0]LogPakFile: PakFile PathHashIndexSize=101
[2021.11.13-19.16.42:816][  0]LogPakFile: PakFile FullDirectoryIndexSize=144
[2021.11.13-19.16.42:816][  0]LogShaderLibrary: Display: ShaderCodeLibraryPakFileMountedCallback: PakFile 'D:/UE_4.27/FeaturePacks/TP_TwinStick.upack' (chunk index -1, root 'root:/') mounted
[2021.11.13-19.16.42:816][  0]LogShaderLibrary: Display: ShaderCodeLibraryPakFileMountedCallback: pending pak file info (ChunkID:-1 Root:root:/ File:D:/UE_4.27/FeaturePacks/TP_TwinStick.upack)
[2021.11.13-19.16.42:816][  0]LogPakFile: OnPakFileMounted2Time == 0.000053
[2021.11.13-19.16.42:847][  0]LogPakFile: PakFile PrimaryIndexSize=187
[2021.11.13-19.16.42:847][  0]LogPakFile: PakFile PathHashIndexSize=101
[2021.11.13-19.16.42:847][  0]LogPakFile: PakFile FullDirectoryIndexSize=148
[2021.11.13-19.16.42:847][  0]LogShaderLibrary: Display: ShaderCodeLibraryPakFileMountedCallback: PakFile 'D:/UE_4.27/FeaturePacks/TP_TwinStickBP.upack' (chunk index -1, root 'root:/') mounted
[2021.11.13-19.16.42:847][  0]LogShaderLibrary: Display: ShaderCodeLibraryPakFileMountedCallback: pending pak file info (ChunkID:-1 Root:root:/ File:D:/UE_4.27/FeaturePacks/TP_TwinStickBP.upack)
[2021.11.13-19.16.42:847][  0]LogPakFile: OnPakFileMounted2Time == 0.000046
[2021.11.13-19.16.42:875][  0]LogPakFile: PakFile PrimaryIndexSize=183
[2021.11.13-19.16.42:875][  0]LogPakFile: PakFile PathHashIndexSize=101
[2021.11.13-19.16.42:875][  0]LogPakFile: PakFile FullDirectoryIndexSize=140
[2021.11.13-19.16.42:875][  0]LogShaderLibrary: Display: ShaderCodeLibraryPakFileMountedCallback: PakFile 'D:/UE_4.27/FeaturePacks/TP_Vehicle.upack' (chunk index -1, root 'root:/') mounted
[2021.11.13-19.16.42:875][  0]LogShaderLibrary: Display: ShaderCodeLibraryPakFileMountedCallback: pending pak file info (ChunkID:-1 Root:root:/ File:D:/UE_4.27/FeaturePacks/TP_Vehicle.upack)
[2021.11.13-19.16.42:875][  0]LogPakFile: OnPakFileMounted2Time == 0.000042
[2021.11.13-19.16.42:899][  0]LogPakFile: PakFile PrimaryIndexSize=186
[2021.11.13-19.16.42:899][  0]LogPakFile: PakFile PathHashIndexSize=101
[2021.11.13-19.16.42:899][  0]LogPakFile: PakFile FullDirectoryIndexSize=146
[2021.11.13-19.16.42:899][  0]LogShaderLibrary: Display: ShaderCodeLibraryPakFileMountedCallback: PakFile 'D:/UE_4.27/FeaturePacks/TP_VehicleAdv.upack' (chunk index -1, root 'root:/') mounted
[2021.11.13-19.16.42:899][  0]LogShaderLibrary: Display: ShaderCodeLibraryPakFileMountedCallback: pending pak file info (ChunkID:-1 Root:root:/ File:D:/UE_4.27/FeaturePacks/TP_VehicleAdv.upack)
[2021.11.13-19.16.42:899][  0]LogPakFile: OnPakFileMounted2Time == 0.000050
[2021.11.13-19.16.42:923][  0]LogPakFile: PakFile PrimaryIndexSize=188
[2021.11.13-19.16.42:923][  0]LogPakFile: PakFile PathHashIndexSize=101
[2021.11.13-19.16.42:923][  0]LogPakFile: PakFile FullDirectoryIndexSize=150
[2021.11.13-19.16.42:923][  0]LogShaderLibrary: Display: ShaderCodeLibraryPakFileMountedCallback: PakFile 'D:/UE_4.27/FeaturePacks/TP_VehicleAdvBP.upack' (chunk index -1, root 'root:/') mounted
[2021.11.13-19.16.42:923][  0]LogShaderLibrary: Display: ShaderCodeLibraryPakFileMountedCallback: pending pak file info (ChunkID:-1 Root:root:/ File:D:/UE_4.27/FeaturePacks/TP_VehicleAdvBP.upack)
[2021.11.13-19.16.42:923][  0]LogPakFile: OnPakFileMounted2Time == 0.000049
[2021.11.13-19.16.42:944][  0]LogPakFile: PakFile PrimaryIndexSize=185
[2021.11.13-19.16.42:944][  0]LogPakFile: PakFile PathHashIndexSize=101
[2021.11.13-19.16.42:944][  0]LogPakFile: PakFile FullDirectoryIndexSize=144
[2021.11.13-19.16.42:944][  0]LogShaderLibrary: Display: ShaderCodeLibraryPakFileMountedCallback: PakFile 'D:/UE_4.27/FeaturePacks/TP_VehicleBP.upack' (chunk index -1, root 'root:/') mounted
[2021.11.13-19.16.42:944][  0]LogShaderLibrary: Display: ShaderCodeLibraryPakFileMountedCallback: pending pak file info (ChunkID:-1 Root:root:/ File:D:/UE_4.27/FeaturePacks/TP_VehicleBP.upack)
[2021.11.13-19.16.42:944][  0]LogPakFile: OnPakFileMounted2Time == 0.000089
[2021.11.13-19.16.43:025][  0]LogPakFile: PakFile PrimaryIndexSize=192
[2021.11.13-19.16.43:025][  0]LogPakFile: PakFile PathHashIndexSize=101
[2021.11.13-19.16.43:025][  0]LogPakFile: PakFile FullDirectoryIndexSize=158
[2021.11.13-19.16.43:025][  0]LogShaderLibrary: Display: ShaderCodeLibraryPakFileMountedCallback: PakFile 'D:/UE_4.27/FeaturePacks/TP_VirtualRealityBP.upack' (chunk index -1, root 'root:/') mounted
[2021.11.13-19.16.43:025][  0]LogShaderLibrary: Display: ShaderCodeLibraryPakFileMountedCallback: pending pak file info (ChunkID:-1 Root:root:/ File:D:/UE_4.27/FeaturePacks/TP_VirtualRealityBP.upack)
[2021.11.13-19.16.43:025][  0]LogPakFile: OnPakFileMounted2Time == 0.000044
[2021.11.13-19.16.45:099][  0]LogNativeClassHierarchy: Verbose: Native class hierarchy updated for 'AddContentDialog' in 0.0002 seconds. Added 0 classes and 0 folders.
[2021.11.13-19.16.45:100][  0]LogNativeClassHierarchy: Verbose: Native class hierarchy updated for 'SceneOutliner' in 0.0002 seconds. Added 2 classes and 0 folders.
[2021.11.13-19.16.45:164][  0]LogSlate: Took 0.022066 seconds to synchronously load lazily loaded font '../../../Engine/Content/Editor/Slate/Fonts/FontAwesome.ttf' (139K)
[2021.11.13-19.16.45:166][  0]LogSlate: Took 0.000208 seconds to synchronously load lazily loaded font '../../../Engine/Content/Slate/Fonts/Roboto-Bold.ttf' (160K)
[2021.11.13-19.16.45:341][  0]LogRenderer: Reallocating scene render targets to support 1528x624 Format 10 NumSamples 1 (Frame:1).
[2021.11.13-19.16.45:573][  0]LogNativeClassHierarchy: Verbose: Native class hierarchy updated for 'HierarchicalLODOutliner' in 0.0003 seconds. Added 0 classes and 0 folders.
[2021.11.13-19.16.45:573][  0]LogInput: Warning: Action Jump uses invalid key OculusGo_Left_Trigger_Click.
[2021.11.13-19.16.45:573][  0]LogInput: Warning: Action ResetVR uses invalid key OculusGo_Left_Trackpad_Click.
[2021.11.13-19.16.45:573][  0]LogInput: Warning: Use -RemoveInvalidKeys to remove instances of these keys from the action mapping.
[2021.11.13-19.16.45:573][  0]LogLoad: (Engine Initialization) Total time: 58.13 seconds
[2021.11.13-19.16.45:573][  0]LogLoad: (Engine Initialization) Total Blueprint compile time: 0.00 seconds
[2021.11.13-19.16.45:619][  0]LogAssetRegistry: Asset discovery search completed in 48.8489 seconds
[2021.11.13-19.16.45:626][  0]LogCollectionManager: Fixed up redirectors for 0 collections in 0.000004 seconds (updated 0 objects)
[2021.11.13-19.16.45:636][  0]LogContentStreaming: Texture pool size now 1000 MB
[2021.11.13-19.16.45:777][  3]LogSlate: Took 0.023895 seconds to synchronously load lazily loaded font '../../../Engine/Content/Slate/Fonts/Roboto-Light.ttf' (167K)
[2021.11.13-19.16.46:631][ 70]LogSlate: Took 0.000230 seconds to synchronously load lazily loaded font '../../../Engine/Content/Slate/Fonts/Roboto-Light.ttf' (167K)
[2021.11.13-19.16.50:656][380]LogFileCache: Retrieving MD5 hashes for directory 'E:/GitHub/GitHub/RabbitsOnWingsV2/Pruebas_Terreno/Content/' took 5.07s
[2021.11.13-19.17.03:098][328]AssetReimport: New page: Outstanding source content changes 21:17:03
[2021.11.13-19.17.03:224][329]LogFactory: FactoryCreateFile: StaticMesh with FbxFactory (0 0 E:/GitHub/GitHub/RabbitsOnWingsV2/Pruebas_Terreno/Content/ThirdPersonBP/Maps/Assets/Cartel/untitled.fbx)
[2021.11.13-19.17.03:293][329]LogFbx: Loading FBX Scene from E:/GitHub/GitHub/RabbitsOnWingsV2/Pruebas_Terreno/Content/ThirdPersonBP/Maps/Assets/Cartel/untitled.fbx
[2021.11.13-19.17.13:838][329]LogFbx: FBX Scene Loaded Succesfully
[2021.11.13-19.17.25:929][329]LogSlate: Window 'FBX Import Options' being destroyed
